<?xml version="1.0" encoding="UTF-8"?>
<!-- Generated by org.testng.reporters.JUnitXMLReporter -->
<testsuite ignored="0" hostname="LAPTOP-HHCMMKH1" failures="0" tests="3" name="Default test" time="0.092" errors="0" timestamp="2022-11-14T21:22:55 IST">
  <testcase classname="testngflag.Flag7" name="loginmethod" time="0.01"/>
  <testcase classname="testngflag.Flag7" name="createuser" time="0.003"/>
  <testcase classname="testngflag.Flag7" name="logout" time="0.002"/>
</testsuite> <!-- Default test -->
