<?xml version="1.0" encoding="UTF-8"?>
<!-- Generated by org.testng.reporters.JUnitReportReporter -->
<testsuite hostname="LAPTOP-HHCMMKH1" failures="0" tests="1000" name="testngflag.Flag5" time="0.271" errors="0" timestamp="2022-11-12T22:00:39 IST" skipped="0">
  <testcase classname="testngflag.Flag5" name="loginButtonIsEnabledAndDisebled" time="0.000"/>
  <system-out>
    <![CDATA[LOgin button ]]>
  </system-out>
  <testcase classname="testngflag.Flag5" name="loginButtonIsEnabledAndDisebled" time="0.000"/>
  <system-out>
    <![CDATA[LOgin button ]]>
  </system-out>
  <testcase classname="testngflag.Flag5" name="loginButtonIsEnabledAndDisebled" time="0.001"/>
  <system-out>
    <![CDATA[LOgin button ]]>
  </system-out>
  <testcase classname="testngflag.Flag5" name="loginButtonIsEnabledAndDisebled" time="0.000"/>
  <system-out>
    <![CDATA[LOgin button ]]>
  </system-out>
  <testcase classname="testngflag.Flag5" name="loginButtonIsEnabledAndDisebled" time="0.000"/>
  <system-out>
    <![CDATA[LOgin button ]]>
  </system-out>
  <testcase classname="testngflag.Flag5" name="loginButtonIsEnabledAndDisebled" time="0.000"/>
  <system-out>
    <![CDATA[LOgin button ]]>
  </system-out>
  <testcase classname="testngflag.Flag5" name="loginButtonIsEnabledAndDisebled" time="0.000"/>
  <system-out>
    <![CDATA[LOgin button ]]>
  </system-out>
  <testcase classname="testngflag.Flag5" name="loginButtonIsEnabledAndDisebled" time="0.001"/>
  <system-out>
    <![CDATA[LOgin button ]]>
  </system-out>
  <testcase classname="testngflag.Flag5" name="loginButtonIsEnabledAndDisebled" time="0.001"/>
  <system-out>
    <![CDATA[LOgin button ]]>
  </system-out>
  <testcase classname="testngflag.Flag5" name="loginButtonIsEnabledAndDisebled" time="0.000"/>
  <system-out>
    <![CDATA[LOgin button ]]>
  </system-out>
  <testcase classname="testngflag.Flag5" name="loginButtonIsEnabledAndDisebled" time="0.000"/>
  <system-out>
    <![CDATA[LOgin button ]]>
  </system-out>
  <testcase classname="testngflag.Flag5" name="loginButtonIsEnabledAndDisebled" time="0.000"/>
  <system-out>
    <![CDATA[LOgin button ]]>
  </system-out>
  <testcase classname="testngflag.Flag5" name="loginButtonIsEnabledAndDisebled" time="0.000"/>
  <system-out>
    <![CDATA[LOgin button ]]>
  </system-out>
  <testcase classname="testngflag.Flag5" name="loginButtonIsEnabledAndDisebled" time="0.000"/>
  <system-out>
    <![CDATA[LOgin button ]]>
  </system-out>
  <testcase classname="testngflag.Flag5" name="loginButtonIsEnabledAndDisebled" time="0.000"/>
  <system-out>
    <![CDATA[LOgin button ]]>
  </system-out>
  <testcase classname="testngflag.Flag5" name="loginButtonIsEnabledAndDisebled" time="0.001"/>
  <system-out>
    <![CDATA[LOgin button ]]>
  </system-out>
  <testcase classname="testngflag.Flag5" name="loginButtonIsEnabledAndDisebled" time="0.000"/>
  <system-out>
    <![CDATA[LOgin button ]]>
  </system-out>
  <testcase classname="testngflag.Flag5" name="loginButtonIsEnabledAndDisebled" time="0.000"/>
  <system-out>
    <![CDATA[LOgin button ]]>
  </system-out>
  <testcase classname="testngflag.Flag5" name="loginButtonIsEnabledAndDisebled" time="0.001"/>
  <system-out>
    <![CDATA[LOgin button ]]>
  </system-out>
  <testcase classname="testngflag.Flag5" name="loginButtonIsEnabledAndDisebled" time="0.000"/>
  <system-out>
    <![CDATA[LOgin button ]]>
  </system-out>
  <testcase classname="testngflag.Flag5" name="loginButtonIsEnabledAndDisebled" time="0.000"/>
  <system-out>
    <![CDATA[LOgin button ]]>
  </system-out>
  <testcase classname="testngflag.Flag5" name="loginButtonIsEnabledAndDisebled" time="0.000"/>
  <system-out>
    <![CDATA[LOgin button ]]>
  </system-out>
  <testcase classname="testngflag.Flag5" name="loginButtonIsEnabledAndDisebled" time="0.000"/>
  <system-out>
    <![CDATA[LOgin button ]]>
  </system-out>
  <testcase classname="testngflag.Flag5" name="loginButtonIsEnabledAndDisebled" time="0.000"/>
  <system-out>
    <![CDATA[LOgin button ]]>
  </system-out>
  <testcase classname="testngflag.Flag5" name="loginButtonIsEnabledAndDisebled" time="0.000"/>
  <system-out>
    <![CDATA[LOgin button ]]>
  </system-out>
  <testcase classname="testngflag.Flag5" name="loginButtonIsEnabledAndDisebled" time="0.000"/>
  <system-out>
    <![CDATA[LOgin button ]]>
  </system-out>
  <testcase classname="testngflag.Flag5" name="loginButtonIsEnabledAndDisebled" time="0.000"/>
  <system-out>
    <![CDATA[LOgin button ]]>
  </system-out>
  <testcase classname="testngflag.Flag5" name="loginButtonIsEnabledAndDisebled" time="0.000"/>
  <system-out>
    <![CDATA[LOgin button ]]>
  </system-out>
  <testcase classname="testngflag.Flag5" name="loginButtonIsEnabledAndDisebled" time="0.000"/>
  <system-out>
    <![CDATA[LOgin button ]]>
  </system-out>
  <testcase classname="testngflag.Flag5" name="loginButtonIsEnabledAndDisebled" time="0.001"/>
  <system-out>
    <![CDATA[LOgin button ]]>
  </system-out>
  <testcase classname="testngflag.Flag5" name="loginButtonIsEnabledAndDisebled" time="0.000"/>
  <system-out>
    <![CDATA[LOgin button ]]>
  </system-out>
  <testcase classname="testngflag.Flag5" name="loginButtonIsEnabledAndDisebled" time="0.000"/>
  <system-out>
    <![CDATA[LOgin button ]]>
  </system-out>
  <testcase classname="testngflag.Flag5" name="loginButtonIsEnabledAndDisebled" time="0.000"/>
  <system-out>
    <![CDATA[LOgin button ]]>
  </system-out>
  <testcase classname="testngflag.Flag5" name="loginButtonIsEnabledAndDisebled" time="0.000"/>
  <system-out>
    <![CDATA[LOgin button ]]>
  </system-out>
  <testcase classname="testngflag.Flag5" name="loginButtonIsEnabledAndDisebled" time="0.001"/>
  <system-out>
    <![CDATA[LOgin button ]]>
  </system-out>
  <testcase classname="testngflag.Flag5" name="loginButtonIsEnabledAndDisebled" time="0.001"/>
  <system-out>
    <![CDATA[LOgin button ]]>
  </system-out>
  <testcase classname="testngflag.Flag5" name="loginButtonIsEnabledAndDisebled" time="0.000"/>
  <system-out>
    <![CDATA[LOgin button ]]>
  </system-out>
  <testcase classname="testngflag.Flag5" name="loginButtonIsEnabledAndDisebled" time="0.000"/>
  <system-out>
    <![CDATA[LOgin button ]]>
  </system-out>
  <testcase classname="testngflag.Flag5" name="loginButtonIsEnabledAndDisebled" time="0.001"/>
  <system-out>
    <![CDATA[LOgin button ]]>
  </system-out>
  <testcase classname="testngflag.Flag5" name="loginButtonIsEnabledAndDisebled" time="0.000"/>
  <system-out>
    <![CDATA[LOgin button ]]>
  </system-out>
  <testcase classname="testngflag.Flag5" name="loginButtonIsEnabledAndDisebled" time="0.000"/>
  <system-out>
    <![CDATA[LOgin button ]]>
  </system-out>
  <testcase classname="testngflag.Flag5" name="loginButtonIsEnabledAndDisebled" time="0.000"/>
  <system-out>
    <![CDATA[LOgin button ]]>
  </system-out>
  <testcase classname="testngflag.Flag5" name="loginButtonIsEnabledAndDisebled" time="0.001"/>
  <system-out>
    <![CDATA[LOgin button ]]>
  </system-out>
  <testcase classname="testngflag.Flag5" name="loginButtonIsEnabledAndDisebled" time="0.000"/>
  <system-out>
    <![CDATA[LOgin button ]]>
  </system-out>
  <testcase classname="testngflag.Flag5" name="loginButtonIsEnabledAndDisebled" time="0.000"/>
  <system-out>
    <![CDATA[LOgin button ]]>
  </system-out>
  <testcase classname="testngflag.Flag5" name="loginButtonIsEnabledAndDisebled" time="0.000"/>
  <system-out>
    <![CDATA[LOgin button ]]>
  </system-out>
  <testcase classname="testngflag.Flag5" name="loginButtonIsEnabledAndDisebled" time="0.001"/>
  <system-out>
    <![CDATA[LOgin button ]]>
  </system-out>
  <testcase classname="testngflag.Flag5" name="loginButtonIsEnabledAndDisebled" time="0.000"/>
  <system-out>
    <![CDATA[LOgin button ]]>
  </system-out>
  <testcase classname="testngflag.Flag5" name="loginButtonIsEnabledAndDisebled" time="0.000"/>
  <system-out>
    <![CDATA[LOgin button ]]>
  </system-out>
  <testcase classname="testngflag.Flag5" name="loginButtonIsEnabledAndDisebled" time="0.000"/>
  <system-out>
    <![CDATA[LOgin button ]]>
  </system-out>
  <testcase classname="testngflag.Flag5" name="loginButtonIsEnabledAndDisebled" time="0.000"/>
  <system-out>
    <![CDATA[LOgin button ]]>
  </system-out>
  <testcase classname="testngflag.Flag5" name="loginButtonIsEnabledAndDisebled" time="0.000"/>
  <system-out>
    <![CDATA[LOgin button ]]>
  </system-out>
  <testcase classname="testngflag.Flag5" name="loginButtonIsEnabledAndDisebled" time="0.000"/>
  <system-out>
    <![CDATA[LOgin button ]]>
  </system-out>
  <testcase classname="testngflag.Flag5" name="loginButtonIsEnabledAndDisebled" time="0.000"/>
  <system-out>
    <![CDATA[LOgin button ]]>
  </system-out>
  <testcase classname="testngflag.Flag5" name="loginButtonIsEnabledAndDisebled" time="0.000"/>
  <system-out>
    <![CDATA[LOgin button ]]>
  </system-out>
  <testcase classname="testngflag.Flag5" name="loginButtonIsEnabledAndDisebled" time="0.000"/>
  <system-out>
    <![CDATA[LOgin button ]]>
  </system-out>
  <testcase classname="testngflag.Flag5" name="loginButtonIsEnabledAndDisebled" time="0.000"/>
  <system-out>
    <![CDATA[LOgin button ]]>
  </system-out>
  <testcase classname="testngflag.Flag5" name="loginButtonIsEnabledAndDisebled" time="0.000"/>
  <system-out>
    <![CDATA[LOgin button ]]>
  </system-out>
  <testcase classname="testngflag.Flag5" name="loginButtonIsEnabledAndDisebled" time="0.000"/>
  <system-out>
    <![CDATA[LOgin button ]]>
  </system-out>
  <testcase classname="testngflag.Flag5" name="loginButtonIsEnabledAndDisebled" time="0.000"/>
  <system-out>
    <![CDATA[LOgin button ]]>
  </system-out>
  <testcase classname="testngflag.Flag5" name="loginButtonIsEnabledAndDisebled" time="0.000"/>
  <system-out>
    <![CDATA[LOgin button ]]>
  </system-out>
  <testcase classname="testngflag.Flag5" name="loginButtonIsEnabledAndDisebled" time="0.000"/>
  <system-out>
    <![CDATA[LOgin button ]]>
  </system-out>
  <testcase classname="testngflag.Flag5" name="loginButtonIsEnabledAndDisebled" time="0.001"/>
  <system-out>
    <![CDATA[LOgin button ]]>
  </system-out>
  <testcase classname="testngflag.Flag5" name="loginButtonIsEnabledAndDisebled" time="0.000"/>
  <system-out>
    <![CDATA[LOgin button ]]>
  </system-out>
  <testcase classname="testngflag.Flag5" name="loginButtonIsEnabledAndDisebled" time="0.000"/>
  <system-out>
    <![CDATA[LOgin button ]]>
  </system-out>
  <testcase classname="testngflag.Flag5" name="loginButtonIsEnabledAndDisebled" time="0.000"/>
  <system-out>
    <![CDATA[LOgin button ]]>
  </system-out>
  <testcase classname="testngflag.Flag5" name="loginButtonIsEnabledAndDisebled" time="0.000"/>
  <system-out>
    <![CDATA[LOgin button ]]>
  </system-out>
  <testcase classname="testngflag.Flag5" name="loginButtonIsEnabledAndDisebled" time="0.000"/>
  <system-out>
    <![CDATA[LOgin button ]]>
  </system-out>
  <testcase classname="testngflag.Flag5" name="loginButtonIsEnabledAndDisebled" time="0.000"/>
  <system-out>
    <![CDATA[LOgin button ]]>
  </system-out>
  <testcase classname="testngflag.Flag5" name="loginButtonIsEnabledAndDisebled" time="0.000"/>
  <system-out>
    <![CDATA[LOgin button ]]>
  </system-out>
  <testcase classname="testngflag.Flag5" name="loginButtonIsEnabledAndDisebled" time="0.000"/>
  <system-out>
    <![CDATA[LOgin button ]]>
  </system-out>
  <testcase classname="testngflag.Flag5" name="loginButtonIsEnabledAndDisebled" time="0.000"/>
  <system-out>
    <![CDATA[LOgin button ]]>
  </system-out>
  <testcase classname="testngflag.Flag5" name="loginButtonIsEnabledAndDisebled" time="0.000"/>
  <system-out>
    <![CDATA[LOgin button ]]>
  </system-out>
  <testcase classname="testngflag.Flag5" name="loginButtonIsEnabledAndDisebled" time="0.000"/>
  <system-out>
    <![CDATA[LOgin button ]]>
  </system-out>
  <testcase classname="testngflag.Flag5" name="loginButtonIsEnabledAndDisebled" time="0.000"/>
  <system-out>
    <![CDATA[LOgin button ]]>
  </system-out>
  <testcase classname="testngflag.Flag5" name="loginButtonIsEnabledAndDisebled" time="0.001"/>
  <system-out>
    <![CDATA[LOgin button ]]>
  </system-out>
  <testcase classname="testngflag.Flag5" name="loginButtonIsEnabledAndDisebled" time="0.000"/>
  <system-out>
    <![CDATA[LOgin button ]]>
  </system-out>
  <testcase classname="testngflag.Flag5" name="loginButtonIsEnabledAndDisebled" time="0.000"/>
  <system-out>
    <![CDATA[LOgin button ]]>
  </system-out>
  <testcase classname="testngflag.Flag5" name="loginButtonIsEnabledAndDisebled" time="0.000"/>
  <system-out>
    <![CDATA[LOgin button ]]>
  </system-out>
  <testcase classname="testngflag.Flag5" name="loginButtonIsEnabledAndDisebled" time="0.001"/>
  <system-out>
    <![CDATA[LOgin button ]]>
  </system-out>
  <testcase classname="testngflag.Flag5" name="loginButtonIsEnabledAndDisebled" time="0.000"/>
  <system-out>
    <![CDATA[LOgin button ]]>
  </system-out>
  <testcase classname="testngflag.Flag5" name="loginButtonIsEnabledAndDisebled" time="0.000"/>
  <system-out>
    <![CDATA[LOgin button ]]>
  </system-out>
  <testcase classname="testngflag.Flag5" name="loginButtonIsEnabledAndDisebled" time="0.000"/>
  <system-out>
    <![CDATA[LOgin button ]]>
  </system-out>
  <testcase classname="testngflag.Flag5" name="loginButtonIsEnabledAndDisebled" time="0.000"/>
  <system-out>
    <![CDATA[LOgin button ]]>
  </system-out>
  <testcase classname="testngflag.Flag5" name="loginButtonIsEnabledAndDisebled" time="0.001"/>
  <system-out>
    <![CDATA[LOgin button ]]>
  </system-out>
  <testcase classname="testngflag.Flag5" name="loginButtonIsEnabledAndDisebled" time="0.000"/>
  <system-out>
    <![CDATA[LOgin button ]]>
  </system-out>
  <testcase classname="testngflag.Flag5" name="loginButtonIsEnabledAndDisebled" time="0.000"/>
  <system-out>
    <![CDATA[LOgin button ]]>
  </system-out>
  <testcase classname="testngflag.Flag5" name="loginButtonIsEnabledAndDisebled" time="0.001"/>
  <system-out>
    <![CDATA[LOgin button ]]>
  </system-out>
  <testcase classname="testngflag.Flag5" name="loginButtonIsEnabledAndDisebled" time="0.000"/>
  <system-out>
    <![CDATA[LOgin button ]]>
  </system-out>
  <testcase classname="testngflag.Flag5" name="loginButtonIsEnabledAndDisebled" time="0.000"/>
  <system-out>
    <![CDATA[LOgin button ]]>
  </system-out>
  <testcase classname="testngflag.Flag5" name="loginButtonIsEnabledAndDisebled" time="0.000"/>
  <system-out>
    <![CDATA[LOgin button ]]>
  </system-out>
  <testcase classname="testngflag.Flag5" name="loginButtonIsEnabledAndDisebled" time="0.000"/>
  <system-out>
    <![CDATA[LOgin button ]]>
  </system-out>
  <testcase classname="testngflag.Flag5" name="loginButtonIsEnabledAndDisebled" time="0.000"/>
  <system-out>
    <![CDATA[LOgin button ]]>
  </system-out>
  <testcase classname="testngflag.Flag5" name="loginButtonIsEnabledAndDisebled" time="0.000"/>
  <system-out>
    <![CDATA[LOgin button ]]>
  </system-out>
  <testcase classname="testngflag.Flag5" name="loginButtonIsEnabledAndDisebled" time="0.000"/>
  <system-out>
    <![CDATA[LOgin button ]]>
  </system-out>
  <testcase classname="testngflag.Flag5" name="loginButtonIsEnabledAndDisebled" time="0.000"/>
  <system-out>
    <![CDATA[LOgin button ]]>
  </system-out>
  <testcase classname="testngflag.Flag5" name="loginButtonIsEnabledAndDisebled" time="0.000"/>
  <system-out>
    <![CDATA[LOgin button ]]>
  </system-out>
  <testcase classname="testngflag.Flag5" name="loginButtonIsEnabledAndDisebled" time="0.000"/>
  <system-out>
    <![CDATA[LOgin button ]]>
  </system-out>
  <testcase classname="testngflag.Flag5" name="loginButtonIsEnabledAndDisebled" time="0.000"/>
  <system-out>
    <![CDATA[LOgin button ]]>
  </system-out>
  <testcase classname="testngflag.Flag5" name="loginButtonIsEnabledAndDisebled" time="0.001"/>
  <system-out>
    <![CDATA[LOgin button ]]>
  </system-out>
  <testcase classname="testngflag.Flag5" name="loginButtonIsEnabledAndDisebled" time="0.001"/>
  <system-out>
    <![CDATA[LOgin button ]]>
  </system-out>
  <testcase classname="testngflag.Flag5" name="loginButtonIsEnabledAndDisebled" time="0.001"/>
  <system-out>
    <![CDATA[LOgin button ]]>
  </system-out>
  <testcase classname="testngflag.Flag5" name="loginButtonIsEnabledAndDisebled" time="0.000"/>
  <system-out>
    <![CDATA[LOgin button ]]>
  </system-out>
  <testcase classname="testngflag.Flag5" name="loginButtonIsEnabledAndDisebled" time="0.000"/>
  <system-out>
    <![CDATA[LOgin button ]]>
  </system-out>
  <testcase classname="testngflag.Flag5" name="loginButtonIsEnabledAndDisebled" time="0.001"/>
  <system-out>
    <![CDATA[LOgin button ]]>
  </system-out>
  <testcase classname="testngflag.Flag5" name="loginButtonIsEnabledAndDisebled" time="0.000"/>
  <system-out>
    <![CDATA[LOgin button ]]>
  </system-out>
  <testcase classname="testngflag.Flag5" name="loginButtonIsEnabledAndDisebled" time="0.000"/>
  <system-out>
    <![CDATA[LOgin button ]]>
  </system-out>
  <testcase classname="testngflag.Flag5" name="loginButtonIsEnabledAndDisebled" time="0.000"/>
  <system-out>
    <![CDATA[LOgin button ]]>
  </system-out>
  <testcase classname="testngflag.Flag5" name="loginButtonIsEnabledAndDisebled" time="0.001"/>
  <system-out>
    <![CDATA[LOgin button ]]>
  </system-out>
  <testcase classname="testngflag.Flag5" name="loginButtonIsEnabledAndDisebled" time="0.000"/>
  <system-out>
    <![CDATA[LOgin button ]]>
  </system-out>
  <testcase classname="testngflag.Flag5" name="loginButtonIsEnabledAndDisebled" time="0.000"/>
  <system-out>
    <![CDATA[LOgin button ]]>
  </system-out>
  <testcase classname="testngflag.Flag5" name="loginButtonIsEnabledAndDisebled" time="0.001"/>
  <system-out>
    <![CDATA[LOgin button ]]>
  </system-out>
  <testcase classname="testngflag.Flag5" name="loginButtonIsEnabledAndDisebled" time="0.000"/>
  <system-out>
    <![CDATA[LOgin button ]]>
  </system-out>
  <testcase classname="testngflag.Flag5" name="loginButtonIsEnabledAndDisebled" time="0.000"/>
  <system-out>
    <![CDATA[LOgin button ]]>
  </system-out>
  <testcase classname="testngflag.Flag5" name="loginButtonIsEnabledAndDisebled" time="0.000"/>
  <system-out>
    <![CDATA[LOgin button ]]>
  </system-out>
  <testcase classname="testngflag.Flag5" name="loginButtonIsEnabledAndDisebled" time="0.000"/>
  <system-out>
    <![CDATA[LOgin button ]]>
  </system-out>
  <testcase classname="testngflag.Flag5" name="loginButtonIsEnabledAndDisebled" time="0.001"/>
  <system-out>
    <![CDATA[LOgin button ]]>
  </system-out>
  <testcase classname="testngflag.Flag5" name="loginButtonIsEnabledAndDisebled" time="0.001"/>
  <system-out>
    <![CDATA[LOgin button ]]>
  </system-out>
  <testcase classname="testngflag.Flag5" name="loginButtonIsEnabledAndDisebled" time="0.001"/>
  <system-out>
    <![CDATA[LOgin button ]]>
  </system-out>
  <testcase classname="testngflag.Flag5" name="loginButtonIsEnabledAndDisebled" time="0.000"/>
  <system-out>
    <![CDATA[LOgin button ]]>
  </system-out>
  <testcase classname="testngflag.Flag5" name="loginButtonIsEnabledAndDisebled" time="0.000"/>
  <system-out>
    <![CDATA[LOgin button ]]>
  </system-out>
  <testcase classname="testngflag.Flag5" name="loginButtonIsEnabledAndDisebled" time="0.000"/>
  <system-out>
    <![CDATA[LOgin button ]]>
  </system-out>
  <testcase classname="testngflag.Flag5" name="loginButtonIsEnabledAndDisebled" time="0.000"/>
  <system-out>
    <![CDATA[LOgin button ]]>
  </system-out>
  <testcase classname="testngflag.Flag5" name="loginButtonIsEnabledAndDisebled" time="0.001"/>
  <system-out>
    <![CDATA[LOgin button ]]>
  </system-out>
  <testcase classname="testngflag.Flag5" name="loginButtonIsEnabledAndDisebled" time="0.000"/>
  <system-out>
    <![CDATA[LOgin button ]]>
  </system-out>
  <testcase classname="testngflag.Flag5" name="loginButtonIsEnabledAndDisebled" time="0.000"/>
  <system-out>
    <![CDATA[LOgin button ]]>
  </system-out>
  <testcase classname="testngflag.Flag5" name="loginButtonIsEnabledAndDisebled" time="0.000"/>
  <system-out>
    <![CDATA[LOgin button ]]>
  </system-out>
  <testcase classname="testngflag.Flag5" name="loginButtonIsEnabledAndDisebled" time="0.000"/>
  <system-out>
    <![CDATA[LOgin button ]]>
  </system-out>
  <testcase classname="testngflag.Flag5" name="loginButtonIsEnabledAndDisebled" time="0.001"/>
  <system-out>
    <![CDATA[LOgin button ]]>
  </system-out>
  <testcase classname="testngflag.Flag5" name="loginButtonIsEnabledAndDisebled" time="0.001"/>
  <system-out>
    <![CDATA[LOgin button ]]>
  </system-out>
  <testcase classname="testngflag.Flag5" name="loginButtonIsEnabledAndDisebled" time="0.000"/>
  <system-out>
    <![CDATA[LOgin button ]]>
  </system-out>
  <testcase classname="testngflag.Flag5" name="loginButtonIsEnabledAndDisebled" time="0.000"/>
  <system-out>
    <![CDATA[LOgin button ]]>
  </system-out>
  <testcase classname="testngflag.Flag5" name="loginButtonIsEnabledAndDisebled" time="0.001"/>
  <system-out>
    <![CDATA[LOgin button ]]>
  </system-out>
  <testcase classname="testngflag.Flag5" name="loginButtonIsEnabledAndDisebled" time="0.000"/>
  <system-out>
    <![CDATA[LOgin button ]]>
  </system-out>
  <testcase classname="testngflag.Flag5" name="loginButtonIsEnabledAndDisebled" time="0.000"/>
  <system-out>
    <![CDATA[LOgin button ]]>
  </system-out>
  <testcase classname="testngflag.Flag5" name="loginButtonIsEnabledAndDisebled" time="0.000"/>
  <system-out>
    <![CDATA[LOgin button ]]>
  </system-out>
  <testcase classname="testngflag.Flag5" name="loginButtonIsEnabledAndDisebled" time="0.000"/>
  <system-out>
    <![CDATA[LOgin button ]]>
  </system-out>
  <testcase classname="testngflag.Flag5" name="loginButtonIsEnabledAndDisebled" time="0.001"/>
  <system-out>
    <![CDATA[LOgin button ]]>
  </system-out>
  <testcase classname="testngflag.Flag5" name="loginButtonIsEnabledAndDisebled" time="0.000"/>
  <system-out>
    <![CDATA[LOgin button ]]>
  </system-out>
  <testcase classname="testngflag.Flag5" name="loginButtonIsEnabledAndDisebled" time="0.000"/>
  <system-out>
    <![CDATA[LOgin button ]]>
  </system-out>
  <testcase classname="testngflag.Flag5" name="loginButtonIsEnabledAndDisebled" time="0.000"/>
  <system-out>
    <![CDATA[LOgin button ]]>
  </system-out>
  <testcase classname="testngflag.Flag5" name="loginButtonIsEnabledAndDisebled" time="0.000"/>
  <system-out>
    <![CDATA[LOgin button ]]>
  </system-out>
  <testcase classname="testngflag.Flag5" name="loginButtonIsEnabledAndDisebled" time="0.001"/>
  <system-out>
    <![CDATA[LOgin button ]]>
  </system-out>
  <testcase classname="testngflag.Flag5" name="loginButtonIsEnabledAndDisebled" time="0.001"/>
  <system-out>
    <![CDATA[LOgin button ]]>
  </system-out>
  <testcase classname="testngflag.Flag5" name="loginButtonIsEnabledAndDisebled" time="0.000"/>
  <system-out>
    <![CDATA[LOgin button ]]>
  </system-out>
  <testcase classname="testngflag.Flag5" name="loginButtonIsEnabledAndDisebled" time="0.002"/>
  <system-out>
    <![CDATA[LOgin button ]]>
  </system-out>
  <testcase classname="testngflag.Flag5" name="loginButtonIsEnabledAndDisebled" time="0.000"/>
  <system-out>
    <![CDATA[LOgin button ]]>
  </system-out>
  <testcase classname="testngflag.Flag5" name="loginButtonIsEnabledAndDisebled" time="0.000"/>
  <system-out>
    <![CDATA[LOgin button ]]>
  </system-out>
  <testcase classname="testngflag.Flag5" name="loginButtonIsEnabledAndDisebled" time="0.001"/>
  <system-out>
    <![CDATA[LOgin button ]]>
  </system-out>
  <testcase classname="testngflag.Flag5" name="loginButtonIsEnabledAndDisebled" time="0.001"/>
  <system-out>
    <![CDATA[LOgin button ]]>
  </system-out>
  <testcase classname="testngflag.Flag5" name="loginButtonIsEnabledAndDisebled" time="0.000"/>
  <system-out>
    <![CDATA[LOgin button ]]>
  </system-out>
  <testcase classname="testngflag.Flag5" name="loginButtonIsEnabledAndDisebled" time="0.000"/>
  <system-out>
    <![CDATA[LOgin button ]]>
  </system-out>
  <testcase classname="testngflag.Flag5" name="loginButtonIsEnabledAndDisebled" time="0.000"/>
  <system-out>
    <![CDATA[LOgin button ]]>
  </system-out>
  <testcase classname="testngflag.Flag5" name="loginButtonIsEnabledAndDisebled" time="0.000"/>
  <system-out>
    <![CDATA[LOgin button ]]>
  </system-out>
  <testcase classname="testngflag.Flag5" name="loginButtonIsEnabledAndDisebled" time="0.000"/>
  <system-out>
    <![CDATA[LOgin button ]]>
  </system-out>
  <testcase classname="testngflag.Flag5" name="loginButtonIsEnabledAndDisebled" time="0.000"/>
  <system-out>
    <![CDATA[LOgin button ]]>
  </system-out>
  <testcase classname="testngflag.Flag5" name="loginButtonIsEnabledAndDisebled" time="0.000"/>
  <system-out>
    <![CDATA[LOgin button ]]>
  </system-out>
  <testcase classname="testngflag.Flag5" name="loginButtonIsEnabledAndDisebled" time="0.000"/>
  <system-out>
    <![CDATA[LOgin button ]]>
  </system-out>
  <testcase classname="testngflag.Flag5" name="loginButtonIsEnabledAndDisebled" time="0.000"/>
  <system-out>
    <![CDATA[LOgin button ]]>
  </system-out>
  <testcase classname="testngflag.Flag5" name="loginButtonIsEnabledAndDisebled" time="0.000"/>
  <system-out>
    <![CDATA[LOgin button ]]>
  </system-out>
  <testcase classname="testngflag.Flag5" name="loginButtonIsEnabledAndDisebled" time="0.000"/>
  <system-out>
    <![CDATA[LOgin button ]]>
  </system-out>
  <testcase classname="testngflag.Flag5" name="loginButtonIsEnabledAndDisebled" time="0.000"/>
  <system-out>
    <![CDATA[LOgin button ]]>
  </system-out>
  <testcase classname="testngflag.Flag5" name="loginButtonIsEnabledAndDisebled" time="0.000"/>
  <system-out>
    <![CDATA[LOgin button ]]>
  </system-out>
  <testcase classname="testngflag.Flag5" name="loginButtonIsEnabledAndDisebled" time="0.000"/>
  <system-out>
    <![CDATA[LOgin button ]]>
  </system-out>
  <testcase classname="testngflag.Flag5" name="loginButtonIsEnabledAndDisebled" time="0.001"/>
  <system-out>
    <![CDATA[LOgin button ]]>
  </system-out>
  <testcase classname="testngflag.Flag5" name="loginButtonIsEnabledAndDisebled" time="0.000"/>
  <system-out>
    <![CDATA[LOgin button ]]>
  </system-out>
  <testcase classname="testngflag.Flag5" name="loginButtonIsEnabledAndDisebled" time="0.000"/>
  <system-out>
    <![CDATA[LOgin button ]]>
  </system-out>
  <testcase classname="testngflag.Flag5" name="loginButtonIsEnabledAndDisebled" time="0.000"/>
  <system-out>
    <![CDATA[LOgin button ]]>
  </system-out>
  <testcase classname="testngflag.Flag5" name="loginButtonIsEnabledAndDisebled" time="0.000"/>
  <system-out>
    <![CDATA[LOgin button ]]>
  </system-out>
  <testcase classname="testngflag.Flag5" name="loginButtonIsEnabledAndDisebled" time="0.000"/>
  <system-out>
    <![CDATA[LOgin button ]]>
  </system-out>
  <testcase classname="testngflag.Flag5" name="loginButtonIsEnabledAndDisebled" time="0.000"/>
  <system-out>
    <![CDATA[LOgin button ]]>
  </system-out>
  <testcase classname="testngflag.Flag5" name="loginButtonIsEnabledAndDisebled" time="0.000"/>
  <system-out>
    <![CDATA[LOgin button ]]>
  </system-out>
  <testcase classname="testngflag.Flag5" name="loginButtonIsEnabledAndDisebled" time="0.000"/>
  <system-out>
    <![CDATA[LOgin button ]]>
  </system-out>
  <testcase classname="testngflag.Flag5" name="loginButtonIsEnabledAndDisebled" time="0.000"/>
  <system-out>
    <![CDATA[LOgin button ]]>
  </system-out>
  <testcase classname="testngflag.Flag5" name="loginButtonIsEnabledAndDisebled" time="0.000"/>
  <system-out>
    <![CDATA[LOgin button ]]>
  </system-out>
  <testcase classname="testngflag.Flag5" name="loginButtonIsEnabledAndDisebled" time="0.000"/>
  <system-out>
    <![CDATA[LOgin button ]]>
  </system-out>
  <testcase classname="testngflag.Flag5" name="loginButtonIsEnabledAndDisebled" time="0.000"/>
  <system-out>
    <![CDATA[LOgin button ]]>
  </system-out>
  <testcase classname="testngflag.Flag5" name="loginButtonIsEnabledAndDisebled" time="0.000"/>
  <system-out>
    <![CDATA[LOgin button ]]>
  </system-out>
  <testcase classname="testngflag.Flag5" name="loginButtonIsEnabledAndDisebled" time="0.000"/>
  <system-out>
    <![CDATA[LOgin button ]]>
  </system-out>
  <testcase classname="testngflag.Flag5" name="loginButtonIsEnabledAndDisebled" time="0.000"/>
  <system-out>
    <![CDATA[LOgin button ]]>
  </system-out>
  <testcase classname="testngflag.Flag5" name="loginButtonIsEnabledAndDisebled" time="0.000"/>
  <system-out>
    <![CDATA[LOgin button ]]>
  </system-out>
  <testcase classname="testngflag.Flag5" name="loginButtonIsEnabledAndDisebled" time="0.001"/>
  <system-out>
    <![CDATA[LOgin button ]]>
  </system-out>
  <testcase classname="testngflag.Flag5" name="loginButtonIsEnabledAndDisebled" time="0.000"/>
  <system-out>
    <![CDATA[LOgin button ]]>
  </system-out>
  <testcase classname="testngflag.Flag5" name="loginButtonIsEnabledAndDisebled" time="0.000"/>
  <system-out>
    <![CDATA[LOgin button ]]>
  </system-out>
  <testcase classname="testngflag.Flag5" name="loginButtonIsEnabledAndDisebled" time="0.000"/>
  <system-out>
    <![CDATA[LOgin button ]]>
  </system-out>
  <testcase classname="testngflag.Flag5" name="loginButtonIsEnabledAndDisebled" time="0.000"/>
  <system-out>
    <![CDATA[LOgin button ]]>
  </system-out>
  <testcase classname="testngflag.Flag5" name="loginButtonIsEnabledAndDisebled" time="0.000"/>
  <system-out>
    <![CDATA[LOgin button ]]>
  </system-out>
  <testcase classname="testngflag.Flag5" name="loginButtonIsEnabledAndDisebled" time="0.001"/>
  <system-out>
    <![CDATA[LOgin button ]]>
  </system-out>
  <testcase classname="testngflag.Flag5" name="loginButtonIsEnabledAndDisebled" time="0.000"/>
  <system-out>
    <![CDATA[LOgin button ]]>
  </system-out>
  <testcase classname="testngflag.Flag5" name="loginButtonIsEnabledAndDisebled" time="0.000"/>
  <system-out>
    <![CDATA[LOgin button ]]>
  </system-out>
  <testcase classname="testngflag.Flag5" name="loginButtonIsEnabledAndDisebled" time="0.001"/>
  <system-out>
    <![CDATA[LOgin button ]]>
  </system-out>
  <testcase classname="testngflag.Flag5" name="loginButtonIsEnabledAndDisebled" time="0.000"/>
  <system-out>
    <![CDATA[LOgin button ]]>
  </system-out>
  <testcase classname="testngflag.Flag5" name="loginButtonIsEnabledAndDisebled" time="0.001"/>
  <system-out>
    <![CDATA[LOgin button ]]>
  </system-out>
  <testcase classname="testngflag.Flag5" name="loginButtonIsEnabledAndDisebled" time="0.000"/>
  <system-out>
    <![CDATA[LOgin button ]]>
  </system-out>
  <testcase classname="testngflag.Flag5" name="loginButtonIsEnabledAndDisebled" time="0.001"/>
  <system-out>
    <![CDATA[LOgin button ]]>
  </system-out>
  <testcase classname="testngflag.Flag5" name="loginButtonIsEnabledAndDisebled" time="0.000"/>
  <system-out>
    <![CDATA[LOgin button ]]>
  </system-out>
  <testcase classname="testngflag.Flag5" name="loginButtonIsEnabledAndDisebled" time="0.001"/>
  <system-out>
    <![CDATA[LOgin button ]]>
  </system-out>
  <testcase classname="testngflag.Flag5" name="loginButtonIsEnabledAndDisebled" time="0.000"/>
  <system-out>
    <![CDATA[LOgin button ]]>
  </system-out>
  <testcase classname="testngflag.Flag5" name="loginButtonIsEnabledAndDisebled" time="0.001"/>
  <system-out>
    <![CDATA[LOgin button ]]>
  </system-out>
  <testcase classname="testngflag.Flag5" name="loginButtonIsEnabledAndDisebled" time="0.000"/>
  <system-out>
    <![CDATA[LOgin button ]]>
  </system-out>
  <testcase classname="testngflag.Flag5" name="loginButtonIsEnabledAndDisebled" time="0.000"/>
  <system-out>
    <![CDATA[LOgin button ]]>
  </system-out>
  <testcase classname="testngflag.Flag5" name="loginButtonIsEnabledAndDisebled" time="0.000"/>
  <system-out>
    <![CDATA[LOgin button ]]>
  </system-out>
  <testcase classname="testngflag.Flag5" name="loginButtonIsEnabledAndDisebled" time="0.001"/>
  <system-out>
    <![CDATA[LOgin button ]]>
  </system-out>
  <testcase classname="testngflag.Flag5" name="loginButtonIsEnabledAndDisebled" time="0.000"/>
  <system-out>
    <![CDATA[LOgin button ]]>
  </system-out>
  <testcase classname="testngflag.Flag5" name="loginButtonIsEnabledAndDisebled" time="0.001"/>
  <system-out>
    <![CDATA[LOgin button ]]>
  </system-out>
  <testcase classname="testngflag.Flag5" name="loginButtonIsEnabledAndDisebled" time="0.000"/>
  <system-out>
    <![CDATA[LOgin button ]]>
  </system-out>
  <testcase classname="testngflag.Flag5" name="loginButtonIsEnabledAndDisebled" time="0.001"/>
  <system-out>
    <![CDATA[LOgin button ]]>
  </system-out>
  <testcase classname="testngflag.Flag5" name="loginButtonIsEnabledAndDisebled" time="0.000"/>
  <system-out>
    <![CDATA[LOgin button ]]>
  </system-out>
  <testcase classname="testngflag.Flag5" name="loginButtonIsEnabledAndDisebled" time="0.001"/>
  <system-out>
    <![CDATA[LOgin button ]]>
  </system-out>
  <testcase classname="testngflag.Flag5" name="loginButtonIsEnabledAndDisebled" time="0.000"/>
  <system-out>
    <![CDATA[LOgin button ]]>
  </system-out>
  <testcase classname="testngflag.Flag5" name="loginButtonIsEnabledAndDisebled" time="0.000"/>
  <system-out>
    <![CDATA[LOgin button ]]>
  </system-out>
  <testcase classname="testngflag.Flag5" name="loginButtonIsEnabledAndDisebled" time="0.001"/>
  <system-out>
    <![CDATA[LOgin button ]]>
  </system-out>
  <testcase classname="testngflag.Flag5" name="loginButtonIsEnabledAndDisebled" time="0.000"/>
  <system-out>
    <![CDATA[LOgin button ]]>
  </system-out>
  <testcase classname="testngflag.Flag5" name="loginButtonIsEnabledAndDisebled" time="0.000"/>
  <system-out>
    <![CDATA[LOgin button ]]>
  </system-out>
  <testcase classname="testngflag.Flag5" name="loginButtonIsEnabledAndDisebled" time="0.000"/>
  <system-out>
    <![CDATA[LOgin button ]]>
  </system-out>
  <testcase classname="testngflag.Flag5" name="loginButtonIsEnabledAndDisebled" time="0.000"/>
  <system-out>
    <![CDATA[LOgin button ]]>
  </system-out>
  <testcase classname="testngflag.Flag5" name="loginButtonIsEnabledAndDisebled" time="0.000"/>
  <system-out>
    <![CDATA[LOgin button ]]>
  </system-out>
  <testcase classname="testngflag.Flag5" name="loginButtonIsEnabledAndDisebled" time="0.000"/>
  <system-out>
    <![CDATA[LOgin button ]]>
  </system-out>
  <testcase classname="testngflag.Flag5" name="loginButtonIsEnabledAndDisebled" time="0.000"/>
  <system-out>
    <![CDATA[LOgin button ]]>
  </system-out>
  <testcase classname="testngflag.Flag5" name="loginButtonIsEnabledAndDisebled" time="0.001"/>
  <system-out>
    <![CDATA[LOgin button ]]>
  </system-out>
  <testcase classname="testngflag.Flag5" name="loginButtonIsEnabledAndDisebled" time="0.001"/>
  <system-out>
    <![CDATA[LOgin button ]]>
  </system-out>
  <testcase classname="testngflag.Flag5" name="loginButtonIsEnabledAndDisebled" time="0.000"/>
  <system-out>
    <![CDATA[LOgin button ]]>
  </system-out>
  <testcase classname="testngflag.Flag5" name="loginButtonIsEnabledAndDisebled" time="0.005"/>
  <system-out>
    <![CDATA[LOgin button ]]>
  </system-out>
  <testcase classname="testngflag.Flag5" name="loginButtonIsEnabledAndDisebled" time="0.000"/>
  <system-out>
    <![CDATA[LOgin button ]]>
  </system-out>
  <testcase classname="testngflag.Flag5" name="loginButtonIsEnabledAndDisebled" time="0.000"/>
  <system-out>
    <![CDATA[LOgin button ]]>
  </system-out>
  <testcase classname="testngflag.Flag5" name="loginButtonIsEnabledAndDisebled" time="0.000"/>
  <system-out>
    <![CDATA[LOgin button ]]>
  </system-out>
  <testcase classname="testngflag.Flag5" name="loginButtonIsEnabledAndDisebled" time="0.001"/>
  <system-out>
    <![CDATA[LOgin button ]]>
  </system-out>
  <testcase classname="testngflag.Flag5" name="loginButtonIsEnabledAndDisebled" time="0.001"/>
  <system-out>
    <![CDATA[LOgin button ]]>
  </system-out>
  <testcase classname="testngflag.Flag5" name="loginButtonIsEnabledAndDisebled" time="0.001"/>
  <system-out>
    <![CDATA[LOgin button ]]>
  </system-out>
  <testcase classname="testngflag.Flag5" name="loginButtonIsEnabledAndDisebled" time="0.000"/>
  <system-out>
    <![CDATA[LOgin button ]]>
  </system-out>
  <testcase classname="testngflag.Flag5" name="loginButtonIsEnabledAndDisebled" time="0.001"/>
  <system-out>
    <![CDATA[LOgin button ]]>
  </system-out>
  <testcase classname="testngflag.Flag5" name="loginButtonIsEnabledAndDisebled" time="0.000"/>
  <system-out>
    <![CDATA[LOgin button ]]>
  </system-out>
  <testcase classname="testngflag.Flag5" name="loginButtonIsEnabledAndDisebled" time="0.000"/>
  <system-out>
    <![CDATA[LOgin button ]]>
  </system-out>
  <testcase classname="testngflag.Flag5" name="loginButtonIsEnabledAndDisebled" time="0.001"/>
  <system-out>
    <![CDATA[LOgin button ]]>
  </system-out>
  <testcase classname="testngflag.Flag5" name="loginButtonIsEnabledAndDisebled" time="0.000"/>
  <system-out>
    <![CDATA[LOgin button ]]>
  </system-out>
  <testcase classname="testngflag.Flag5" name="loginButtonIsEnabledAndDisebled" time="0.000"/>
  <system-out>
    <![CDATA[LOgin button ]]>
  </system-out>
  <testcase classname="testngflag.Flag5" name="loginButtonIsEnabledAndDisebled" time="0.000"/>
  <system-out>
    <![CDATA[LOgin button ]]>
  </system-out>
  <testcase classname="testngflag.Flag5" name="loginButtonIsEnabledAndDisebled" time="0.000"/>
  <system-out>
    <![CDATA[LOgin button ]]>
  </system-out>
  <testcase classname="testngflag.Flag5" name="loginButtonIsEnabledAndDisebled" time="0.000"/>
  <system-out>
    <![CDATA[LOgin button ]]>
  </system-out>
  <testcase classname="testngflag.Flag5" name="loginButtonIsEnabledAndDisebled" time="0.002"/>
  <system-out>
    <![CDATA[LOgin button ]]>
  </system-out>
  <testcase classname="testngflag.Flag5" name="loginButtonIsEnabledAndDisebled" time="0.000"/>
  <system-out>
    <![CDATA[LOgin button ]]>
  </system-out>
  <testcase classname="testngflag.Flag5" name="loginButtonIsEnabledAndDisebled" time="0.000"/>
  <system-out>
    <![CDATA[LOgin button ]]>
  </system-out>
  <testcase classname="testngflag.Flag5" name="loginButtonIsEnabledAndDisebled" time="0.001"/>
  <system-out>
    <![CDATA[LOgin button ]]>
  </system-out>
  <testcase classname="testngflag.Flag5" name="loginButtonIsEnabledAndDisebled" time="0.001"/>
  <system-out>
    <![CDATA[LOgin button ]]>
  </system-out>
  <testcase classname="testngflag.Flag5" name="loginButtonIsEnabledAndDisebled" time="0.001"/>
  <system-out>
    <![CDATA[LOgin button ]]>
  </system-out>
  <testcase classname="testngflag.Flag5" name="loginButtonIsEnabledAndDisebled" time="0.000"/>
  <system-out>
    <![CDATA[LOgin button ]]>
  </system-out>
  <testcase classname="testngflag.Flag5" name="loginButtonIsEnabledAndDisebled" time="0.000"/>
  <system-out>
    <![CDATA[LOgin button ]]>
  </system-out>
  <testcase classname="testngflag.Flag5" name="loginButtonIsEnabledAndDisebled" time="0.000"/>
  <system-out>
    <![CDATA[LOgin button ]]>
  </system-out>
  <testcase classname="testngflag.Flag5" name="loginButtonIsEnabledAndDisebled" time="0.000"/>
  <system-out>
    <![CDATA[LOgin button ]]>
  </system-out>
  <testcase classname="testngflag.Flag5" name="loginButtonIsEnabledAndDisebled" time="0.000"/>
  <system-out>
    <![CDATA[LOgin button ]]>
  </system-out>
  <testcase classname="testngflag.Flag5" name="loginButtonIsEnabledAndDisebled" time="0.000"/>
  <system-out>
    <![CDATA[LOgin button ]]>
  </system-out>
  <testcase classname="testngflag.Flag5" name="loginButtonIsEnabledAndDisebled" time="0.000"/>
  <system-out>
    <![CDATA[LOgin button ]]>
  </system-out>
  <testcase classname="testngflag.Flag5" name="loginButtonIsEnabledAndDisebled" time="0.000"/>
  <system-out>
    <![CDATA[LOgin button ]]>
  </system-out>
  <testcase classname="testngflag.Flag5" name="loginButtonIsEnabledAndDisebled" time="0.001"/>
  <system-out>
    <![CDATA[LOgin button ]]>
  </system-out>
  <testcase classname="testngflag.Flag5" name="loginButtonIsEnabledAndDisebled" time="0.000"/>
  <system-out>
    <![CDATA[LOgin button ]]>
  </system-out>
  <testcase classname="testngflag.Flag5" name="loginButtonIsEnabledAndDisebled" time="0.000"/>
  <system-out>
    <![CDATA[LOgin button ]]>
  </system-out>
  <testcase classname="testngflag.Flag5" name="loginButtonIsEnabledAndDisebled" time="0.001"/>
  <system-out>
    <![CDATA[LOgin button ]]>
  </system-out>
  <testcase classname="testngflag.Flag5" name="loginButtonIsEnabledAndDisebled" time="0.000"/>
  <system-out>
    <![CDATA[LOgin button ]]>
  </system-out>
  <testcase classname="testngflag.Flag5" name="loginButtonIsEnabledAndDisebled" time="0.000"/>
  <system-out>
    <![CDATA[LOgin button ]]>
  </system-out>
  <testcase classname="testngflag.Flag5" name="loginButtonIsEnabledAndDisebled" time="0.000"/>
  <system-out>
    <![CDATA[LOgin button ]]>
  </system-out>
  <testcase classname="testngflag.Flag5" name="loginButtonIsEnabledAndDisebled" time="0.000"/>
  <system-out>
    <![CDATA[LOgin button ]]>
  </system-out>
  <testcase classname="testngflag.Flag5" name="loginButtonIsEnabledAndDisebled" time="0.000"/>
  <system-out>
    <![CDATA[LOgin button ]]>
  </system-out>
  <testcase classname="testngflag.Flag5" name="loginButtonIsEnabledAndDisebled" time="0.000"/>
  <system-out>
    <![CDATA[LOgin button ]]>
  </system-out>
  <testcase classname="testngflag.Flag5" name="loginButtonIsEnabledAndDisebled" time="0.000"/>
  <system-out>
    <![CDATA[LOgin button ]]>
  </system-out>
  <testcase classname="testngflag.Flag5" name="loginButtonIsEnabledAndDisebled" time="0.000"/>
  <system-out>
    <![CDATA[LOgin button ]]>
  </system-out>
  <testcase classname="testngflag.Flag5" name="loginButtonIsEnabledAndDisebled" time="0.000"/>
  <system-out>
    <![CDATA[LOgin button ]]>
  </system-out>
  <testcase classname="testngflag.Flag5" name="loginButtonIsEnabledAndDisebled" time="0.000"/>
  <system-out>
    <![CDATA[LOgin button ]]>
  </system-out>
  <testcase classname="testngflag.Flag5" name="loginButtonIsEnabledAndDisebled" time="0.000"/>
  <system-out>
    <![CDATA[LOgin button ]]>
  </system-out>
  <testcase classname="testngflag.Flag5" name="loginButtonIsEnabledAndDisebled" time="0.000"/>
  <system-out>
    <![CDATA[LOgin button ]]>
  </system-out>
  <testcase classname="testngflag.Flag5" name="loginButtonIsEnabledAndDisebled" time="0.000"/>
  <system-out>
    <![CDATA[LOgin button ]]>
  </system-out>
  <testcase classname="testngflag.Flag5" name="loginButtonIsEnabledAndDisebled" time="0.000"/>
  <system-out>
    <![CDATA[LOgin button ]]>
  </system-out>
  <testcase classname="testngflag.Flag5" name="loginButtonIsEnabledAndDisebled" time="0.000"/>
  <system-out>
    <![CDATA[LOgin button ]]>
  </system-out>
  <testcase classname="testngflag.Flag5" name="loginButtonIsEnabledAndDisebled" time="0.000"/>
  <system-out>
    <![CDATA[LOgin button ]]>
  </system-out>
  <testcase classname="testngflag.Flag5" name="loginButtonIsEnabledAndDisebled" time="0.000"/>
  <system-out>
    <![CDATA[LOgin button ]]>
  </system-out>
  <testcase classname="testngflag.Flag5" name="loginButtonIsEnabledAndDisebled" time="0.001"/>
  <system-out>
    <![CDATA[LOgin button ]]>
  </system-out>
  <testcase classname="testngflag.Flag5" name="loginButtonIsEnabledAndDisebled" time="0.001"/>
  <system-out>
    <![CDATA[LOgin button ]]>
  </system-out>
  <testcase classname="testngflag.Flag5" name="loginButtonIsEnabledAndDisebled" time="0.000"/>
  <system-out>
    <![CDATA[LOgin button ]]>
  </system-out>
  <testcase classname="testngflag.Flag5" name="loginButtonIsEnabledAndDisebled" time="0.000"/>
  <system-out>
    <![CDATA[LOgin button ]]>
  </system-out>
  <testcase classname="testngflag.Flag5" name="loginButtonIsEnabledAndDisebled" time="0.001"/>
  <system-out>
    <![CDATA[LOgin button ]]>
  </system-out>
  <testcase classname="testngflag.Flag5" name="loginButtonIsEnabledAndDisebled" time="0.000"/>
  <system-out>
    <![CDATA[LOgin button ]]>
  </system-out>
  <testcase classname="testngflag.Flag5" name="loginButtonIsEnabledAndDisebled" time="0.000"/>
  <system-out>
    <![CDATA[LOgin button ]]>
  </system-out>
  <testcase classname="testngflag.Flag5" name="loginButtonIsEnabledAndDisebled" time="0.001"/>
  <system-out>
    <![CDATA[LOgin button ]]>
  </system-out>
  <testcase classname="testngflag.Flag5" name="loginButtonIsEnabledAndDisebled" time="0.001"/>
  <system-out>
    <![CDATA[LOgin button ]]>
  </system-out>
  <testcase classname="testngflag.Flag5" name="loginButtonIsEnabledAndDisebled" time="0.000"/>
  <system-out>
    <![CDATA[LOgin button ]]>
  </system-out>
  <testcase classname="testngflag.Flag5" name="loginButtonIsEnabledAndDisebled" time="0.000"/>
  <system-out>
    <![CDATA[LOgin button ]]>
  </system-out>
  <testcase classname="testngflag.Flag5" name="loginButtonIsEnabledAndDisebled" time="0.001"/>
  <system-out>
    <![CDATA[LOgin button ]]>
  </system-out>
  <testcase classname="testngflag.Flag5" name="loginButtonIsEnabledAndDisebled" time="0.000"/>
  <system-out>
    <![CDATA[LOgin button ]]>
  </system-out>
  <testcase classname="testngflag.Flag5" name="loginButtonIsEnabledAndDisebled" time="0.001"/>
  <system-out>
    <![CDATA[LOgin button ]]>
  </system-out>
  <testcase classname="testngflag.Flag5" name="loginButtonIsEnabledAndDisebled" time="0.000"/>
  <system-out>
    <![CDATA[LOgin button ]]>
  </system-out>
  <testcase classname="testngflag.Flag5" name="loginButtonIsEnabledAndDisebled" time="0.000"/>
  <system-out>
    <![CDATA[LOgin button ]]>
  </system-out>
  <testcase classname="testngflag.Flag5" name="loginButtonIsEnabledAndDisebled" time="0.000"/>
  <system-out>
    <![CDATA[LOgin button ]]>
  </system-out>
  <testcase classname="testngflag.Flag5" name="loginButtonIsEnabledAndDisebled" time="0.000"/>
  <system-out>
    <![CDATA[LOgin button ]]>
  </system-out>
  <testcase classname="testngflag.Flag5" name="loginButtonIsEnabledAndDisebled" time="0.000"/>
  <system-out>
    <![CDATA[LOgin button ]]>
  </system-out>
  <testcase classname="testngflag.Flag5" name="loginButtonIsEnabledAndDisebled" time="0.000"/>
  <system-out>
    <![CDATA[LOgin button ]]>
  </system-out>
  <testcase classname="testngflag.Flag5" name="loginButtonIsEnabledAndDisebled" time="0.000"/>
  <system-out>
    <![CDATA[LOgin button ]]>
  </system-out>
  <testcase classname="testngflag.Flag5" name="loginButtonIsEnabledAndDisebled" time="0.000"/>
  <system-out>
    <![CDATA[LOgin button ]]>
  </system-out>
  <testcase classname="testngflag.Flag5" name="loginButtonIsEnabledAndDisebled" time="0.000"/>
  <system-out>
    <![CDATA[LOgin button ]]>
  </system-out>
  <testcase classname="testngflag.Flag5" name="loginButtonIsEnabledAndDisebled" time="0.000"/>
  <system-out>
    <![CDATA[LOgin button ]]>
  </system-out>
  <testcase classname="testngflag.Flag5" name="loginButtonIsEnabledAndDisebled" time="0.000"/>
  <system-out>
    <![CDATA[LOgin button ]]>
  </system-out>
  <testcase classname="testngflag.Flag5" name="loginButtonIsEnabledAndDisebled" time="0.000"/>
  <system-out>
    <![CDATA[LOgin button ]]>
  </system-out>
  <testcase classname="testngflag.Flag5" name="loginButtonIsEnabledAndDisebled" time="0.000"/>
  <system-out>
    <![CDATA[LOgin button ]]>
  </system-out>
  <testcase classname="testngflag.Flag5" name="loginButtonIsEnabledAndDisebled" time="0.000"/>
  <system-out>
    <![CDATA[LOgin button ]]>
  </system-out>
  <testcase classname="testngflag.Flag5" name="loginButtonIsEnabledAndDisebled" time="0.000"/>
  <system-out>
    <![CDATA[LOgin button ]]>
  </system-out>
  <testcase classname="testngflag.Flag5" name="loginButtonIsEnabledAndDisebled" time="0.000"/>
  <system-out>
    <![CDATA[LOgin button ]]>
  </system-out>
  <testcase classname="testngflag.Flag5" name="loginButtonIsEnabledAndDisebled" time="0.001"/>
  <system-out>
    <![CDATA[LOgin button ]]>
  </system-out>
  <testcase classname="testngflag.Flag5" name="loginButtonIsEnabledAndDisebled" time="0.001"/>
  <system-out>
    <![CDATA[LOgin button ]]>
  </system-out>
  <testcase classname="testngflag.Flag5" name="loginButtonIsEnabledAndDisebled" time="0.000"/>
  <system-out>
    <![CDATA[LOgin button ]]>
  </system-out>
  <testcase classname="testngflag.Flag5" name="loginButtonIsEnabledAndDisebled" time="0.000"/>
  <system-out>
    <![CDATA[LOgin button ]]>
  </system-out>
  <testcase classname="testngflag.Flag5" name="loginButtonIsEnabledAndDisebled" time="0.000"/>
  <system-out>
    <![CDATA[LOgin button ]]>
  </system-out>
  <testcase classname="testngflag.Flag5" name="loginButtonIsEnabledAndDisebled" time="0.000"/>
  <system-out>
    <![CDATA[LOgin button ]]>
  </system-out>
  <testcase classname="testngflag.Flag5" name="loginButtonIsEnabledAndDisebled" time="0.001"/>
  <system-out>
    <![CDATA[LOgin button ]]>
  </system-out>
  <testcase classname="testngflag.Flag5" name="loginButtonIsEnabledAndDisebled" time="0.001"/>
  <system-out>
    <![CDATA[LOgin button ]]>
  </system-out>
  <testcase classname="testngflag.Flag5" name="loginButtonIsEnabledAndDisebled" time="0.000"/>
  <system-out>
    <![CDATA[LOgin button ]]>
  </system-out>
  <testcase classname="testngflag.Flag5" name="loginButtonIsEnabledAndDisebled" time="0.000"/>
  <system-out>
    <![CDATA[LOgin button ]]>
  </system-out>
  <testcase classname="testngflag.Flag5" name="loginButtonIsEnabledAndDisebled" time="0.000"/>
  <system-out>
    <![CDATA[LOgin button ]]>
  </system-out>
  <testcase classname="testngflag.Flag5" name="loginButtonIsEnabledAndDisebled" time="0.000"/>
  <system-out>
    <![CDATA[LOgin button ]]>
  </system-out>
  <testcase classname="testngflag.Flag5" name="loginButtonIsEnabledAndDisebled" time="0.001"/>
  <system-out>
    <![CDATA[LOgin button ]]>
  </system-out>
  <testcase classname="testngflag.Flag5" name="loginButtonIsEnabledAndDisebled" time="0.000"/>
  <system-out>
    <![CDATA[LOgin button ]]>
  </system-out>
  <testcase classname="testngflag.Flag5" name="loginButtonIsEnabledAndDisebled" time="0.000"/>
  <system-out>
    <![CDATA[LOgin button ]]>
  </system-out>
  <testcase classname="testngflag.Flag5" name="loginButtonIsEnabledAndDisebled" time="0.000"/>
  <system-out>
    <![CDATA[LOgin button ]]>
  </system-out>
  <testcase classname="testngflag.Flag5" name="loginButtonIsEnabledAndDisebled" time="0.000"/>
  <system-out>
    <![CDATA[LOgin button ]]>
  </system-out>
  <testcase classname="testngflag.Flag5" name="loginButtonIsEnabledAndDisebled" time="0.000"/>
  <system-out>
    <![CDATA[LOgin button ]]>
  </system-out>
  <testcase classname="testngflag.Flag5" name="loginButtonIsEnabledAndDisebled" time="0.001"/>
  <system-out>
    <![CDATA[LOgin button ]]>
  </system-out>
  <testcase classname="testngflag.Flag5" name="loginButtonIsEnabledAndDisebled" time="0.000"/>
  <system-out>
    <![CDATA[LOgin button ]]>
  </system-out>
  <testcase classname="testngflag.Flag5" name="loginButtonIsEnabledAndDisebled" time="0.000"/>
  <system-out>
    <![CDATA[LOgin button ]]>
  </system-out>
  <testcase classname="testngflag.Flag5" name="loginButtonIsEnabledAndDisebled" time="0.001"/>
  <system-out>
    <![CDATA[LOgin button ]]>
  </system-out>
  <testcase classname="testngflag.Flag5" name="loginButtonIsEnabledAndDisebled" time="0.000"/>
  <system-out>
    <![CDATA[LOgin button ]]>
  </system-out>
  <testcase classname="testngflag.Flag5" name="loginButtonIsEnabledAndDisebled" time="0.001"/>
  <system-out>
    <![CDATA[LOgin button ]]>
  </system-out>
  <testcase classname="testngflag.Flag5" name="loginButtonIsEnabledAndDisebled" time="0.000"/>
  <system-out>
    <![CDATA[LOgin button ]]>
  </system-out>
  <testcase classname="testngflag.Flag5" name="loginButtonIsEnabledAndDisebled" time="0.001"/>
  <system-out>
    <![CDATA[LOgin button ]]>
  </system-out>
  <testcase classname="testngflag.Flag5" name="loginButtonIsEnabledAndDisebled" time="0.000"/>
  <system-out>
    <![CDATA[LOgin button ]]>
  </system-out>
  <testcase classname="testngflag.Flag5" name="loginButtonIsEnabledAndDisebled" time="0.001"/>
  <system-out>
    <![CDATA[LOgin button ]]>
  </system-out>
  <testcase classname="testngflag.Flag5" name="loginButtonIsEnabledAndDisebled" time="0.000"/>
  <system-out>
    <![CDATA[LOgin button ]]>
  </system-out>
  <testcase classname="testngflag.Flag5" name="loginButtonIsEnabledAndDisebled" time="0.000"/>
  <system-out>
    <![CDATA[LOgin button ]]>
  </system-out>
  <testcase classname="testngflag.Flag5" name="loginButtonIsEnabledAndDisebled" time="0.000"/>
  <system-out>
    <![CDATA[LOgin button ]]>
  </system-out>
  <testcase classname="testngflag.Flag5" name="loginButtonIsEnabledAndDisebled" time="0.000"/>
  <system-out>
    <![CDATA[LOgin button ]]>
  </system-out>
  <testcase classname="testngflag.Flag5" name="loginButtonIsEnabledAndDisebled" time="0.000"/>
  <system-out>
    <![CDATA[LOgin button ]]>
  </system-out>
  <testcase classname="testngflag.Flag5" name="loginButtonIsEnabledAndDisebled" time="0.001"/>
  <system-out>
    <![CDATA[LOgin button ]]>
  </system-out>
  <testcase classname="testngflag.Flag5" name="loginButtonIsEnabledAndDisebled" time="0.001"/>
  <system-out>
    <![CDATA[LOgin button ]]>
  </system-out>
  <testcase classname="testngflag.Flag5" name="loginButtonIsEnabledAndDisebled" time="0.001"/>
  <system-out>
    <![CDATA[LOgin button ]]>
  </system-out>
  <testcase classname="testngflag.Flag5" name="loginButtonIsEnabledAndDisebled" time="0.000"/>
  <system-out>
    <![CDATA[LOgin button ]]>
  </system-out>
  <testcase classname="testngflag.Flag5" name="loginButtonIsEnabledAndDisebled" time="0.000"/>
  <system-out>
    <![CDATA[LOgin button ]]>
  </system-out>
  <testcase classname="testngflag.Flag5" name="loginButtonIsEnabledAndDisebled" time="0.000"/>
  <system-out>
    <![CDATA[LOgin button ]]>
  </system-out>
  <testcase classname="testngflag.Flag5" name="loginButtonIsEnabledAndDisebled" time="0.000"/>
  <system-out>
    <![CDATA[LOgin button ]]>
  </system-out>
  <testcase classname="testngflag.Flag5" name="loginButtonIsEnabledAndDisebled" time="0.000"/>
  <system-out>
    <![CDATA[LOgin button ]]>
  </system-out>
  <testcase classname="testngflag.Flag5" name="loginButtonIsEnabledAndDisebled" time="0.000"/>
  <system-out>
    <![CDATA[LOgin button ]]>
  </system-out>
  <testcase classname="testngflag.Flag5" name="loginButtonIsEnabledAndDisebled" time="0.000"/>
  <system-out>
    <![CDATA[LOgin button ]]>
  </system-out>
  <testcase classname="testngflag.Flag5" name="loginButtonIsEnabledAndDisebled" time="0.000"/>
  <system-out>
    <![CDATA[LOgin button ]]>
  </system-out>
  <testcase classname="testngflag.Flag5" name="loginButtonIsEnabledAndDisebled" time="0.002"/>
  <system-out>
    <![CDATA[LOgin button ]]>
  </system-out>
  <testcase classname="testngflag.Flag5" name="loginButtonIsEnabledAndDisebled" time="0.000"/>
  <system-out>
    <![CDATA[LOgin button ]]>
  </system-out>
  <testcase classname="testngflag.Flag5" name="loginButtonIsEnabledAndDisebled" time="0.001"/>
  <system-out>
    <![CDATA[LOgin button ]]>
  </system-out>
  <testcase classname="testngflag.Flag5" name="loginButtonIsEnabledAndDisebled" time="0.000"/>
  <system-out>
    <![CDATA[LOgin button ]]>
  </system-out>
  <testcase classname="testngflag.Flag5" name="loginButtonIsEnabledAndDisebled" time="0.000"/>
  <system-out>
    <![CDATA[LOgin button ]]>
  </system-out>
  <testcase classname="testngflag.Flag5" name="loginButtonIsEnabledAndDisebled" time="0.001"/>
  <system-out>
    <![CDATA[LOgin button ]]>
  </system-out>
  <testcase classname="testngflag.Flag5" name="loginButtonIsEnabledAndDisebled" time="0.000"/>
  <system-out>
    <![CDATA[LOgin button ]]>
  </system-out>
  <testcase classname="testngflag.Flag5" name="loginButtonIsEnabledAndDisebled" time="0.000"/>
  <system-out>
    <![CDATA[LOgin button ]]>
  </system-out>
  <testcase classname="testngflag.Flag5" name="loginButtonIsEnabledAndDisebled" time="0.000"/>
  <system-out>
    <![CDATA[LOgin button ]]>
  </system-out>
  <testcase classname="testngflag.Flag5" name="loginButtonIsEnabledAndDisebled" time="0.000"/>
  <system-out>
    <![CDATA[LOgin button ]]>
  </system-out>
  <testcase classname="testngflag.Flag5" name="loginButtonIsEnabledAndDisebled" time="0.000"/>
  <system-out>
    <![CDATA[LOgin button ]]>
  </system-out>
  <testcase classname="testngflag.Flag5" name="loginButtonIsEnabledAndDisebled" time="0.000"/>
  <system-out>
    <![CDATA[LOgin button ]]>
  </system-out>
  <testcase classname="testngflag.Flag5" name="loginButtonIsEnabledAndDisebled" time="0.000"/>
  <system-out>
    <![CDATA[LOgin button ]]>
  </system-out>
  <testcase classname="testngflag.Flag5" name="loginButtonIsEnabledAndDisebled" time="0.000"/>
  <system-out>
    <![CDATA[LOgin button ]]>
  </system-out>
  <testcase classname="testngflag.Flag5" name="loginButtonIsEnabledAndDisebled" time="0.000"/>
  <system-out>
    <![CDATA[LOgin button ]]>
  </system-out>
  <testcase classname="testngflag.Flag5" name="loginButtonIsEnabledAndDisebled" time="0.000"/>
  <system-out>
    <![CDATA[LOgin button ]]>
  </system-out>
  <testcase classname="testngflag.Flag5" name="loginButtonIsEnabledAndDisebled" time="0.000"/>
  <system-out>
    <![CDATA[LOgin button ]]>
  </system-out>
  <testcase classname="testngflag.Flag5" name="loginButtonIsEnabledAndDisebled" time="0.000"/>
  <system-out>
    <![CDATA[LOgin button ]]>
  </system-out>
  <testcase classname="testngflag.Flag5" name="loginButtonIsEnabledAndDisebled" time="0.000"/>
  <system-out>
    <![CDATA[LOgin button ]]>
  </system-out>
  <testcase classname="testngflag.Flag5" name="loginButtonIsEnabledAndDisebled" time="0.000"/>
  <system-out>
    <![CDATA[LOgin button ]]>
  </system-out>
  <testcase classname="testngflag.Flag5" name="loginButtonIsEnabledAndDisebled" time="0.000"/>
  <system-out>
    <![CDATA[LOgin button ]]>
  </system-out>
  <testcase classname="testngflag.Flag5" name="loginButtonIsEnabledAndDisebled" time="0.001"/>
  <system-out>
    <![CDATA[LOgin button ]]>
  </system-out>
  <testcase classname="testngflag.Flag5" name="loginButtonIsEnabledAndDisebled" time="0.000"/>
  <system-out>
    <![CDATA[LOgin button ]]>
  </system-out>
  <testcase classname="testngflag.Flag5" name="loginButtonIsEnabledAndDisebled" time="0.001"/>
  <system-out>
    <![CDATA[LOgin button ]]>
  </system-out>
  <testcase classname="testngflag.Flag5" name="loginButtonIsEnabledAndDisebled" time="0.000"/>
  <system-out>
    <![CDATA[LOgin button ]]>
  </system-out>
  <testcase classname="testngflag.Flag5" name="loginButtonIsEnabledAndDisebled" time="0.000"/>
  <system-out>
    <![CDATA[LOgin button ]]>
  </system-out>
  <testcase classname="testngflag.Flag5" name="loginButtonIsEnabledAndDisebled" time="0.001"/>
  <system-out>
    <![CDATA[LOgin button ]]>
  </system-out>
  <testcase classname="testngflag.Flag5" name="loginButtonIsEnabledAndDisebled" time="0.001"/>
  <system-out>
    <![CDATA[LOgin button ]]>
  </system-out>
  <testcase classname="testngflag.Flag5" name="loginButtonIsEnabledAndDisebled" time="0.000"/>
  <system-out>
    <![CDATA[LOgin button ]]>
  </system-out>
  <testcase classname="testngflag.Flag5" name="loginButtonIsEnabledAndDisebled" time="0.000"/>
  <system-out>
    <![CDATA[LOgin button ]]>
  </system-out>
  <testcase classname="testngflag.Flag5" name="loginButtonIsEnabledAndDisebled" time="0.001"/>
  <system-out>
    <![CDATA[LOgin button ]]>
  </system-out>
  <testcase classname="testngflag.Flag5" name="loginButtonIsEnabledAndDisebled" time="0.000"/>
  <system-out>
    <![CDATA[LOgin button ]]>
  </system-out>
  <testcase classname="testngflag.Flag5" name="loginButtonIsEnabledAndDisebled" time="0.001"/>
  <system-out>
    <![CDATA[LOgin button ]]>
  </system-out>
  <testcase classname="testngflag.Flag5" name="loginButtonIsEnabledAndDisebled" time="0.001"/>
  <system-out>
    <![CDATA[LOgin button ]]>
  </system-out>
  <testcase classname="testngflag.Flag5" name="loginButtonIsEnabledAndDisebled" time="0.000"/>
  <system-out>
    <![CDATA[LOgin button ]]>
  </system-out>
  <testcase classname="testngflag.Flag5" name="loginButtonIsEnabledAndDisebled" time="0.001"/>
  <system-out>
    <![CDATA[LOgin button ]]>
  </system-out>
  <testcase classname="testngflag.Flag5" name="loginButtonIsEnabledAndDisebled" time="0.000"/>
  <system-out>
    <![CDATA[LOgin button ]]>
  </system-out>
  <testcase classname="testngflag.Flag5" name="loginButtonIsEnabledAndDisebled" time="0.001"/>
  <system-out>
    <![CDATA[LOgin button ]]>
  </system-out>
  <testcase classname="testngflag.Flag5" name="loginButtonIsEnabledAndDisebled" time="0.000"/>
  <system-out>
    <![CDATA[LOgin button ]]>
  </system-out>
  <testcase classname="testngflag.Flag5" name="loginButtonIsEnabledAndDisebled" time="0.000"/>
  <system-out>
    <![CDATA[LOgin button ]]>
  </system-out>
  <testcase classname="testngflag.Flag5" name="loginButtonIsEnabledAndDisebled" time="0.000"/>
  <system-out>
    <![CDATA[LOgin button ]]>
  </system-out>
  <testcase classname="testngflag.Flag5" name="loginButtonIsEnabledAndDisebled" time="0.001"/>
  <system-out>
    <![CDATA[LOgin button ]]>
  </system-out>
  <testcase classname="testngflag.Flag5" name="loginButtonIsEnabledAndDisebled" time="0.000"/>
  <system-out>
    <![CDATA[LOgin button ]]>
  </system-out>
  <testcase classname="testngflag.Flag5" name="loginButtonIsEnabledAndDisebled" time="0.000"/>
  <system-out>
    <![CDATA[LOgin button ]]>
  </system-out>
  <testcase classname="testngflag.Flag5" name="loginButtonIsEnabledAndDisebled" time="0.001"/>
  <system-out>
    <![CDATA[LOgin button ]]>
  </system-out>
  <testcase classname="testngflag.Flag5" name="loginButtonIsEnabledAndDisebled" time="0.000"/>
  <system-out>
    <![CDATA[LOgin button ]]>
  </system-out>
  <testcase classname="testngflag.Flag5" name="loginButtonIsEnabledAndDisebled" time="0.000"/>
  <system-out>
    <![CDATA[LOgin button ]]>
  </system-out>
  <testcase classname="testngflag.Flag5" name="loginButtonIsEnabledAndDisebled" time="0.000"/>
  <system-out>
    <![CDATA[LOgin button ]]>
  </system-out>
  <testcase classname="testngflag.Flag5" name="loginButtonIsEnabledAndDisebled" time="0.000"/>
  <system-out>
    <![CDATA[LOgin button ]]>
  </system-out>
  <testcase classname="testngflag.Flag5" name="loginButtonIsEnabledAndDisebled" time="0.000"/>
  <system-out>
    <![CDATA[LOgin button ]]>
  </system-out>
  <testcase classname="testngflag.Flag5" name="loginButtonIsEnabledAndDisebled" time="0.000"/>
  <system-out>
    <![CDATA[LOgin button ]]>
  </system-out>
  <testcase classname="testngflag.Flag5" name="loginButtonIsEnabledAndDisebled" time="0.000"/>
  <system-out>
    <![CDATA[LOgin button ]]>
  </system-out>
  <testcase classname="testngflag.Flag5" name="loginButtonIsEnabledAndDisebled" time="0.000"/>
  <system-out>
    <![CDATA[LOgin button ]]>
  </system-out>
  <testcase classname="testngflag.Flag5" name="loginButtonIsEnabledAndDisebled" time="0.000"/>
  <system-out>
    <![CDATA[LOgin button ]]>
  </system-out>
  <testcase classname="testngflag.Flag5" name="loginButtonIsEnabledAndDisebled" time="0.000"/>
  <system-out>
    <![CDATA[LOgin button ]]>
  </system-out>
  <testcase classname="testngflag.Flag5" name="loginButtonIsEnabledAndDisebled" time="0.000"/>
  <system-out>
    <![CDATA[LOgin button ]]>
  </system-out>
  <testcase classname="testngflag.Flag5" name="loginButtonIsEnabledAndDisebled" time="0.000"/>
  <system-out>
    <![CDATA[LOgin button ]]>
  </system-out>
  <testcase classname="testngflag.Flag5" name="loginButtonIsEnabledAndDisebled" time="0.000"/>
  <system-out>
    <![CDATA[LOgin button ]]>
  </system-out>
  <testcase classname="testngflag.Flag5" name="loginButtonIsEnabledAndDisebled" time="0.000"/>
  <system-out>
    <![CDATA[LOgin button ]]>
  </system-out>
  <testcase classname="testngflag.Flag5" name="loginButtonIsEnabledAndDisebled" time="0.000"/>
  <system-out>
    <![CDATA[LOgin button ]]>
  </system-out>
  <testcase classname="testngflag.Flag5" name="loginButtonIsEnabledAndDisebled" time="0.000"/>
  <system-out>
    <![CDATA[LOgin button ]]>
  </system-out>
  <testcase classname="testngflag.Flag5" name="loginButtonIsEnabledAndDisebled" time="0.000"/>
  <system-out>
    <![CDATA[LOgin button ]]>
  </system-out>
  <testcase classname="testngflag.Flag5" name="loginButtonIsEnabledAndDisebled" time="0.000"/>
  <system-out>
    <![CDATA[LOgin button ]]>
  </system-out>
  <testcase classname="testngflag.Flag5" name="loginButtonIsEnabledAndDisebled" time="0.001"/>
  <system-out>
    <![CDATA[LOgin button ]]>
  </system-out>
  <testcase classname="testngflag.Flag5" name="loginButtonIsEnabledAndDisebled" time="0.000"/>
  <system-out>
    <![CDATA[LOgin button ]]>
  </system-out>
  <testcase classname="testngflag.Flag5" name="loginButtonIsEnabledAndDisebled" time="0.000"/>
  <system-out>
    <![CDATA[LOgin button ]]>
  </system-out>
  <testcase classname="testngflag.Flag5" name="loginButtonIsEnabledAndDisebled" time="0.000"/>
  <system-out>
    <![CDATA[LOgin button ]]>
  </system-out>
  <testcase classname="testngflag.Flag5" name="loginButtonIsEnabledAndDisebled" time="0.000"/>
  <system-out>
    <![CDATA[LOgin button ]]>
  </system-out>
  <testcase classname="testngflag.Flag5" name="loginButtonIsEnabledAndDisebled" time="0.000"/>
  <system-out>
    <![CDATA[LOgin button ]]>
  </system-out>
  <testcase classname="testngflag.Flag5" name="loginButtonIsEnabledAndDisebled" time="0.000"/>
  <system-out>
    <![CDATA[LOgin button ]]>
  </system-out>
  <testcase classname="testngflag.Flag5" name="loginButtonIsEnabledAndDisebled" time="0.000"/>
  <system-out>
    <![CDATA[LOgin button ]]>
  </system-out>
  <testcase classname="testngflag.Flag5" name="loginButtonIsEnabledAndDisebled" time="0.000"/>
  <system-out>
    <![CDATA[LOgin button ]]>
  </system-out>
  <testcase classname="testngflag.Flag5" name="loginButtonIsEnabledAndDisebled" time="0.000"/>
  <system-out>
    <![CDATA[LOgin button ]]>
  </system-out>
  <testcase classname="testngflag.Flag5" name="loginButtonIsEnabledAndDisebled" time="0.001"/>
  <system-out>
    <![CDATA[LOgin button ]]>
  </system-out>
  <testcase classname="testngflag.Flag5" name="loginButtonIsEnabledAndDisebled" time="0.000"/>
  <system-out>
    <![CDATA[LOgin button ]]>
  </system-out>
  <testcase classname="testngflag.Flag5" name="loginButtonIsEnabledAndDisebled" time="0.001"/>
  <system-out>
    <![CDATA[LOgin button ]]>
  </system-out>
  <testcase classname="testngflag.Flag5" name="loginButtonIsEnabledAndDisebled" time="0.000"/>
  <system-out>
    <![CDATA[LOgin button ]]>
  </system-out>
  <testcase classname="testngflag.Flag5" name="loginButtonIsEnabledAndDisebled" time="0.000"/>
  <system-out>
    <![CDATA[LOgin button ]]>
  </system-out>
  <testcase classname="testngflag.Flag5" name="loginButtonIsEnabledAndDisebled" time="0.001"/>
  <system-out>
    <![CDATA[LOgin button ]]>
  </system-out>
  <testcase classname="testngflag.Flag5" name="loginButtonIsEnabledAndDisebled" time="0.000"/>
  <system-out>
    <![CDATA[LOgin button ]]>
  </system-out>
  <testcase classname="testngflag.Flag5" name="loginButtonIsEnabledAndDisebled" time="0.000"/>
  <system-out>
    <![CDATA[LOgin button ]]>
  </system-out>
  <testcase classname="testngflag.Flag5" name="loginButtonIsEnabledAndDisebled" time="0.000"/>
  <system-out>
    <![CDATA[LOgin button ]]>
  </system-out>
  <testcase classname="testngflag.Flag5" name="loginButtonIsEnabledAndDisebled" time="0.000"/>
  <system-out>
    <![CDATA[LOgin button ]]>
  </system-out>
  <testcase classname="testngflag.Flag5" name="loginButtonIsEnabledAndDisebled" time="0.000"/>
  <system-out>
    <![CDATA[LOgin button ]]>
  </system-out>
  <testcase classname="testngflag.Flag5" name="loginButtonIsEnabledAndDisebled" time="0.000"/>
  <system-out>
    <![CDATA[LOgin button ]]>
  </system-out>
  <testcase classname="testngflag.Flag5" name="loginButtonIsEnabledAndDisebled" time="0.000"/>
  <system-out>
    <![CDATA[LOgin button ]]>
  </system-out>
  <testcase classname="testngflag.Flag5" name="loginButtonIsEnabledAndDisebled" time="0.000"/>
  <system-out>
    <![CDATA[LOgin button ]]>
  </system-out>
  <testcase classname="testngflag.Flag5" name="loginButtonIsEnabledAndDisebled" time="0.000"/>
  <system-out>
    <![CDATA[LOgin button ]]>
  </system-out>
  <testcase classname="testngflag.Flag5" name="loginButtonIsEnabledAndDisebled" time="0.000"/>
  <system-out>
    <![CDATA[LOgin button ]]>
  </system-out>
  <testcase classname="testngflag.Flag5" name="loginButtonIsEnabledAndDisebled" time="0.002"/>
  <system-out>
    <![CDATA[LOgin button ]]>
  </system-out>
  <testcase classname="testngflag.Flag5" name="loginButtonIsEnabledAndDisebled" time="0.000"/>
  <system-out>
    <![CDATA[LOgin button ]]>
  </system-out>
  <testcase classname="testngflag.Flag5" name="loginButtonIsEnabledAndDisebled" time="0.000"/>
  <system-out>
    <![CDATA[LOgin button ]]>
  </system-out>
  <testcase classname="testngflag.Flag5" name="loginButtonIsEnabledAndDisebled" time="0.000"/>
  <system-out>
    <![CDATA[LOgin button ]]>
  </system-out>
  <testcase classname="testngflag.Flag5" name="loginButtonIsEnabledAndDisebled" time="0.000"/>
  <system-out>
    <![CDATA[LOgin button ]]>
  </system-out>
  <testcase classname="testngflag.Flag5" name="loginButtonIsEnabledAndDisebled" time="0.001"/>
  <system-out>
    <![CDATA[LOgin button ]]>
  </system-out>
  <testcase classname="testngflag.Flag5" name="loginButtonIsEnabledAndDisebled" time="0.000"/>
  <system-out>
    <![CDATA[LOgin button ]]>
  </system-out>
  <testcase classname="testngflag.Flag5" name="loginButtonIsEnabledAndDisebled" time="0.000"/>
  <system-out>
    <![CDATA[LOgin button ]]>
  </system-out>
  <testcase classname="testngflag.Flag5" name="loginButtonIsEnabledAndDisebled" time="0.000"/>
  <system-out>
    <![CDATA[LOgin button ]]>
  </system-out>
  <testcase classname="testngflag.Flag5" name="loginButtonIsEnabledAndDisebled" time="0.000"/>
  <system-out>
    <![CDATA[LOgin button ]]>
  </system-out>
  <testcase classname="testngflag.Flag5" name="loginButtonIsEnabledAndDisebled" time="0.000"/>
  <system-out>
    <![CDATA[LOgin button ]]>
  </system-out>
  <testcase classname="testngflag.Flag5" name="loginButtonIsEnabledAndDisebled" time="0.000"/>
  <system-out>
    <![CDATA[LOgin button ]]>
  </system-out>
  <testcase classname="testngflag.Flag5" name="loginButtonIsEnabledAndDisebled" time="0.000"/>
  <system-out>
    <![CDATA[LOgin button ]]>
  </system-out>
  <testcase classname="testngflag.Flag5" name="loginButtonIsEnabledAndDisebled" time="0.001"/>
  <system-out>
    <![CDATA[LOgin button ]]>
  </system-out>
  <testcase classname="testngflag.Flag5" name="loginButtonIsEnabledAndDisebled" time="0.000"/>
  <system-out>
    <![CDATA[LOgin button ]]>
  </system-out>
  <testcase classname="testngflag.Flag5" name="loginButtonIsEnabledAndDisebled" time="0.001"/>
  <system-out>
    <![CDATA[LOgin button ]]>
  </system-out>
  <testcase classname="testngflag.Flag5" name="loginButtonIsEnabledAndDisebled" time="0.002"/>
  <system-out>
    <![CDATA[LOgin button ]]>
  </system-out>
  <testcase classname="testngflag.Flag5" name="loginButtonIsEnabledAndDisebled" time="0.001"/>
  <system-out>
    <![CDATA[LOgin button ]]>
  </system-out>
  <testcase classname="testngflag.Flag5" name="loginButtonIsEnabledAndDisebled" time="0.000"/>
  <system-out>
    <![CDATA[LOgin button ]]>
  </system-out>
  <testcase classname="testngflag.Flag5" name="loginButtonIsEnabledAndDisebled" time="0.000"/>
  <system-out>
    <![CDATA[LOgin button ]]>
  </system-out>
  <testcase classname="testngflag.Flag5" name="loginButtonIsEnabledAndDisebled" time="0.001"/>
  <system-out>
    <![CDATA[LOgin button ]]>
  </system-out>
  <testcase classname="testngflag.Flag5" name="loginButtonIsEnabledAndDisebled" time="0.000"/>
  <system-out>
    <![CDATA[LOgin button ]]>
  </system-out>
  <testcase classname="testngflag.Flag5" name="loginButtonIsEnabledAndDisebled" time="0.000"/>
  <system-out>
    <![CDATA[LOgin button ]]>
  </system-out>
  <testcase classname="testngflag.Flag5" name="loginButtonIsEnabledAndDisebled" time="0.000"/>
  <system-out>
    <![CDATA[LOgin button ]]>
  </system-out>
  <testcase classname="testngflag.Flag5" name="loginButtonIsEnabledAndDisebled" time="0.000"/>
  <system-out>
    <![CDATA[LOgin button ]]>
  </system-out>
  <testcase classname="testngflag.Flag5" name="loginButtonIsEnabledAndDisebled" time="0.000"/>
  <system-out>
    <![CDATA[LOgin button ]]>
  </system-out>
  <testcase classname="testngflag.Flag5" name="loginButtonIsEnabledAndDisebled" time="0.001"/>
  <system-out>
    <![CDATA[LOgin button ]]>
  </system-out>
  <testcase classname="testngflag.Flag5" name="loginButtonIsEnabledAndDisebled" time="0.000"/>
  <system-out>
    <![CDATA[LOgin button ]]>
  </system-out>
  <testcase classname="testngflag.Flag5" name="loginButtonIsEnabledAndDisebled" time="0.000"/>
  <system-out>
    <![CDATA[LOgin button ]]>
  </system-out>
  <testcase classname="testngflag.Flag5" name="loginButtonIsEnabledAndDisebled" time="0.001"/>
  <system-out>
    <![CDATA[LOgin button ]]>
  </system-out>
  <testcase classname="testngflag.Flag5" name="loginButtonIsEnabledAndDisebled" time="0.000"/>
  <system-out>
    <![CDATA[LOgin button ]]>
  </system-out>
  <testcase classname="testngflag.Flag5" name="loginButtonIsEnabledAndDisebled" time="0.000"/>
  <system-out>
    <![CDATA[LOgin button ]]>
  </system-out>
  <testcase classname="testngflag.Flag5" name="loginButtonIsEnabledAndDisebled" time="0.000"/>
  <system-out>
    <![CDATA[LOgin button ]]>
  </system-out>
  <testcase classname="testngflag.Flag5" name="loginButtonIsEnabledAndDisebled" time="0.001"/>
  <system-out>
    <![CDATA[LOgin button ]]>
  </system-out>
  <testcase classname="testngflag.Flag5" name="loginButtonIsEnabledAndDisebled" time="0.000"/>
  <system-out>
    <![CDATA[LOgin button ]]>
  </system-out>
  <testcase classname="testngflag.Flag5" name="loginButtonIsEnabledAndDisebled" time="0.000"/>
  <system-out>
    <![CDATA[LOgin button ]]>
  </system-out>
  <testcase classname="testngflag.Flag5" name="loginButtonIsEnabledAndDisebled" time="0.000"/>
  <system-out>
    <![CDATA[LOgin button ]]>
  </system-out>
  <testcase classname="testngflag.Flag5" name="loginButtonIsEnabledAndDisebled" time="0.001"/>
  <system-out>
    <![CDATA[LOgin button ]]>
  </system-out>
  <testcase classname="testngflag.Flag5" name="loginButtonIsEnabledAndDisebled" time="0.000"/>
  <system-out>
    <![CDATA[LOgin button ]]>
  </system-out>
  <testcase classname="testngflag.Flag5" name="loginButtonIsEnabledAndDisebled" time="0.000"/>
  <system-out>
    <![CDATA[LOgin button ]]>
  </system-out>
  <testcase classname="testngflag.Flag5" name="loginButtonIsEnabledAndDisebled" time="0.001"/>
  <system-out>
    <![CDATA[LOgin button ]]>
  </system-out>
  <testcase classname="testngflag.Flag5" name="loginButtonIsEnabledAndDisebled" time="0.000"/>
  <system-out>
    <![CDATA[LOgin button ]]>
  </system-out>
  <testcase classname="testngflag.Flag5" name="loginButtonIsEnabledAndDisebled" time="0.000"/>
  <system-out>
    <![CDATA[LOgin button ]]>
  </system-out>
  <testcase classname="testngflag.Flag5" name="loginButtonIsEnabledAndDisebled" time="0.000"/>
  <system-out>
    <![CDATA[LOgin button ]]>
  </system-out>
  <testcase classname="testngflag.Flag5" name="loginButtonIsEnabledAndDisebled" time="0.000"/>
  <system-out>
    <![CDATA[LOgin button ]]>
  </system-out>
  <testcase classname="testngflag.Flag5" name="loginButtonIsEnabledAndDisebled" time="0.000"/>
  <system-out>
    <![CDATA[LOgin button ]]>
  </system-out>
  <testcase classname="testngflag.Flag5" name="loginButtonIsEnabledAndDisebled" time="0.001"/>
  <system-out>
    <![CDATA[LOgin button ]]>
  </system-out>
  <testcase classname="testngflag.Flag5" name="loginButtonIsEnabledAndDisebled" time="0.000"/>
  <system-out>
    <![CDATA[LOgin button ]]>
  </system-out>
  <testcase classname="testngflag.Flag5" name="loginButtonIsEnabledAndDisebled" time="0.000"/>
  <system-out>
    <![CDATA[LOgin button ]]>
  </system-out>
  <testcase classname="testngflag.Flag5" name="loginButtonIsEnabledAndDisebled" time="0.001"/>
  <system-out>
    <![CDATA[LOgin button ]]>
  </system-out>
  <testcase classname="testngflag.Flag5" name="loginButtonIsEnabledAndDisebled" time="0.000"/>
  <system-out>
    <![CDATA[LOgin button ]]>
  </system-out>
  <testcase classname="testngflag.Flag5" name="loginButtonIsEnabledAndDisebled" time="0.000"/>
  <system-out>
    <![CDATA[LOgin button ]]>
  </system-out>
  <testcase classname="testngflag.Flag5" name="loginButtonIsEnabledAndDisebled" time="0.000"/>
  <system-out>
    <![CDATA[LOgin button ]]>
  </system-out>
  <testcase classname="testngflag.Flag5" name="loginButtonIsEnabledAndDisebled" time="0.001"/>
  <system-out>
    <![CDATA[LOgin button ]]>
  </system-out>
  <testcase classname="testngflag.Flag5" name="loginButtonIsEnabledAndDisebled" time="0.001"/>
  <system-out>
    <![CDATA[LOgin button ]]>
  </system-out>
  <testcase classname="testngflag.Flag5" name="loginButtonIsEnabledAndDisebled" time="0.001"/>
  <system-out>
    <![CDATA[LOgin button ]]>
  </system-out>
  <testcase classname="testngflag.Flag5" name="loginButtonIsEnabledAndDisebled" time="0.000"/>
  <system-out>
    <![CDATA[LOgin button ]]>
  </system-out>
  <testcase classname="testngflag.Flag5" name="loginButtonIsEnabledAndDisebled" time="0.000"/>
  <system-out>
    <![CDATA[LOgin button ]]>
  </system-out>
  <testcase classname="testngflag.Flag5" name="loginButtonIsEnabledAndDisebled" time="0.000"/>
  <system-out>
    <![CDATA[LOgin button ]]>
  </system-out>
  <testcase classname="testngflag.Flag5" name="loginButtonIsEnabledAndDisebled" time="0.000"/>
  <system-out>
    <![CDATA[LOgin button ]]>
  </system-out>
  <testcase classname="testngflag.Flag5" name="loginButtonIsEnabledAndDisebled" time="0.001"/>
  <system-out>
    <![CDATA[LOgin button ]]>
  </system-out>
  <testcase classname="testngflag.Flag5" name="loginButtonIsEnabledAndDisebled" time="0.000"/>
  <system-out>
    <![CDATA[LOgin button ]]>
  </system-out>
  <testcase classname="testngflag.Flag5" name="loginButtonIsEnabledAndDisebled" time="0.000"/>
  <system-out>
    <![CDATA[LOgin button ]]>
  </system-out>
  <testcase classname="testngflag.Flag5" name="loginButtonIsEnabledAndDisebled" time="0.000"/>
  <system-out>
    <![CDATA[LOgin button ]]>
  </system-out>
  <testcase classname="testngflag.Flag5" name="loginButtonIsEnabledAndDisebled" time="0.000"/>
  <system-out>
    <![CDATA[LOgin button ]]>
  </system-out>
  <testcase classname="testngflag.Flag5" name="loginButtonIsEnabledAndDisebled" time="0.002"/>
  <system-out>
    <![CDATA[LOgin button ]]>
  </system-out>
  <testcase classname="testngflag.Flag5" name="loginButtonIsEnabledAndDisebled" time="0.000"/>
  <system-out>
    <![CDATA[LOgin button ]]>
  </system-out>
  <testcase classname="testngflag.Flag5" name="loginButtonIsEnabledAndDisebled" time="0.000"/>
  <system-out>
    <![CDATA[LOgin button ]]>
  </system-out>
  <testcase classname="testngflag.Flag5" name="loginButtonIsEnabledAndDisebled" time="0.000"/>
  <system-out>
    <![CDATA[LOgin button ]]>
  </system-out>
  <testcase classname="testngflag.Flag5" name="loginButtonIsEnabledAndDisebled" time="0.000"/>
  <system-out>
    <![CDATA[LOgin button ]]>
  </system-out>
  <testcase classname="testngflag.Flag5" name="loginButtonIsEnabledAndDisebled" time="0.001"/>
  <system-out>
    <![CDATA[LOgin button ]]>
  </system-out>
  <testcase classname="testngflag.Flag5" name="loginButtonIsEnabledAndDisebled" time="0.000"/>
  <system-out>
    <![CDATA[LOgin button ]]>
  </system-out>
  <testcase classname="testngflag.Flag5" name="loginButtonIsEnabledAndDisebled" time="0.000"/>
  <system-out>
    <![CDATA[LOgin button ]]>
  </system-out>
  <testcase classname="testngflag.Flag5" name="loginButtonIsEnabledAndDisebled" time="0.000"/>
  <system-out>
    <![CDATA[LOgin button ]]>
  </system-out>
[...]
  <system-out>
    <![CDATA[LOgin button ]]>
  </system-out>
  <testcase classname="testngflag.Flag5" name="loginButtonIsEnabledAndDisebled" time="0.000"/>
  <system-out>
    <![CDATA[LOgin button ]]>
  </system-out>
  <testcase classname="testngflag.Flag5" name="loginButtonIsEnabledAndDisebled" time="0.000"/>
  <system-out>
    <![CDATA[LOgin button ]]>
  </system-out>
  <testcase classname="testngflag.Flag5" name="loginButtonIsEnabledAndDisebled" time="0.000"/>
  <system-out>
    <![CDATA[LOgin button ]]>
  </system-out>
  <testcase classname="testngflag.Flag5" name="loginButtonIsEnabledAndDisebled" time="0.000"/>
  <system-out>
    <![CDATA[LOgin button ]]>
  </system-out>
  <testcase classname="testngflag.Flag5" name="loginButtonIsEnabledAndDisebled" time="0.000"/>
  <system-out>
    <![CDATA[LOgin button ]]>
  </system-out>
  <testcase classname="testngflag.Flag5" name="loginButtonIsEnabledAndDisebled" time="0.000"/>
  <system-out>
    <![CDATA[LOgin button ]]>
  </system-out>
  <testcase classname="testngflag.Flag5" name="loginButtonIsEnabledAndDisebled" time="0.000"/>
  <system-out>
    <![CDATA[LOgin button ]]>
  </system-out>
  <testcase classname="testngflag.Flag5" name="loginButtonIsEnabledAndDisebled" time="0.000"/>
  <system-out>
    <![CDATA[LOgin button ]]>
  </system-out>
  <testcase classname="testngflag.Flag5" name="loginButtonIsEnabledAndDisebled" time="0.000"/>
  <system-out>
    <![CDATA[LOgin button ]]>
  </system-out>
  <testcase classname="testngflag.Flag5" name="loginButtonIsEnabledAndDisebled" time="0.000"/>
  <system-out>
    <![CDATA[LOgin button ]]>
  </system-out>
  <testcase classname="testngflag.Flag5" name="loginButtonIsEnabledAndDisebled" time="0.000"/>
  <system-out>
    <![CDATA[LOgin button ]]>
  </system-out>
  <testcase classname="testngflag.Flag5" name="loginButtonIsEnabledAndDisebled" time="0.001"/>
  <system-out>
    <![CDATA[LOgin button ]]>
  </system-out>
  <testcase classname="testngflag.Flag5" name="loginButtonIsEnabledAndDisebled" time="0.001"/>
  <system-out>
    <![CDATA[LOgin button ]]>
  </system-out>
  <testcase classname="testngflag.Flag5" name="loginButtonIsEnabledAndDisebled" time="0.001"/>
  <system-out>
    <![CDATA[LOgin button ]]>
  </system-out>
  <testcase classname="testngflag.Flag5" name="loginButtonIsEnabledAndDisebled" time="0.000"/>
  <system-out>
    <![CDATA[LOgin button ]]>
  </system-out>
  <testcase classname="testngflag.Flag5" name="loginButtonIsEnabledAndDisebled" time="0.002"/>
  <system-out>
    <![CDATA[LOgin button ]]>
  </system-out>
  <testcase classname="testngflag.Flag5" name="loginButtonIsEnabledAndDisebled" time="0.000"/>
  <system-out>
    <![CDATA[LOgin button ]]>
  </system-out>
  <testcase classname="testngflag.Flag5" name="loginButtonIsEnabledAndDisebled" time="0.000"/>
  <system-out>
    <![CDATA[LOgin button ]]>
  </system-out>
  <testcase classname="testngflag.Flag5" name="loginButtonIsEnabledAndDisebled" time="0.000"/>
  <system-out>
    <![CDATA[LOgin button ]]>
  </system-out>
  <testcase classname="testngflag.Flag5" name="loginButtonIsEnabledAndDisebled" time="0.000"/>
  <system-out>
    <![CDATA[LOgin button ]]>
  </system-out>
  <testcase classname="testngflag.Flag5" name="loginButtonIsEnabledAndDisebled" time="0.000"/>
  <system-out>
    <![CDATA[LOgin button ]]>
  </system-out>
  <testcase classname="testngflag.Flag5" name="loginButtonIsEnabledAndDisebled" time="0.000"/>
  <system-out>
    <![CDATA[LOgin button ]]>
  </system-out>
  <testcase classname="testngflag.Flag5" name="loginButtonIsEnabledAndDisebled" time="0.001"/>
  <system-out>
    <![CDATA[LOgin button ]]>
  </system-out>
  <testcase classname="testngflag.Flag5" name="loginButtonIsEnabledAndDisebled" time="0.000"/>
  <system-out>
    <![CDATA[LOgin button ]]>
  </system-out>
  <testcase classname="testngflag.Flag5" name="loginButtonIsEnabledAndDisebled" time="0.000"/>
  <system-out>
    <![CDATA[LOgin button ]]>
  </system-out>
  <testcase classname="testngflag.Flag5" name="loginButtonIsEnabledAndDisebled" time="0.000"/>
  <system-out>
    <![CDATA[LOgin button ]]>
  </system-out>
  <testcase classname="testngflag.Flag5" name="loginButtonIsEnabledAndDisebled" time="0.000"/>
  <system-out>
    <![CDATA[LOgin button ]]>
  </system-out>
  <testcase classname="testngflag.Flag5" name="loginButtonIsEnabledAndDisebled" time="0.000"/>
  <system-out>
    <![CDATA[LOgin button ]]>
  </system-out>
  <testcase classname="testngflag.Flag5" name="loginButtonIsEnabledAndDisebled" time="0.000"/>
  <system-out>
    <![CDATA[LOgin button ]]>
  </system-out>
  <testcase classname="testngflag.Flag5" name="loginButtonIsEnabledAndDisebled" time="0.001"/>
  <system-out>
    <![CDATA[LOgin button ]]>
  </system-out>
  <testcase classname="testngflag.Flag5" name="loginButtonIsEnabledAndDisebled" time="0.000"/>
  <system-out>
    <![CDATA[LOgin button ]]>
  </system-out>
  <testcase classname="testngflag.Flag5" name="loginButtonIsEnabledAndDisebled" time="0.000"/>
  <system-out>
    <![CDATA[LOgin button ]]>
  </system-out>
  <testcase classname="testngflag.Flag5" name="loginButtonIsEnabledAndDisebled" time="0.000"/>
  <system-out>
    <![CDATA[LOgin button ]]>
  </system-out>
  <testcase classname="testngflag.Flag5" name="loginButtonIsEnabledAndDisebled" time="0.000"/>
  <system-out>
    <![CDATA[LOgin button ]]>
  </system-out>
  <testcase classname="testngflag.Flag5" name="loginButtonIsEnabledAndDisebled" time="0.000"/>
  <system-out>
    <![CDATA[LOgin button ]]>
  </system-out>
  <testcase classname="testngflag.Flag5" name="loginButtonIsEnabledAndDisebled" time="0.000"/>
  <system-out>
    <![CDATA[LOgin button ]]>
  </system-out>
  <testcase classname="testngflag.Flag5" name="loginButtonIsEnabledAndDisebled" time="0.000"/>
  <system-out>
    <![CDATA[LOgin button ]]>
  </system-out>
  <testcase classname="testngflag.Flag5" name="loginButtonIsEnabledAndDisebled" time="0.000"/>
  <system-out>
    <![CDATA[LOgin button ]]>
  </system-out>
  <testcase classname="testngflag.Flag5" name="loginButtonIsEnabledAndDisebled" time="0.000"/>
  <system-out>
    <![CDATA[LOgin button ]]>
  </system-out>
  <testcase classname="testngflag.Flag5" name="loginButtonIsEnabledAndDisebled" time="0.000"/>
  <system-out>
    <![CDATA[LOgin button ]]>
  </system-out>
  <testcase classname="testngflag.Flag5" name="loginButtonIsEnabledAndDisebled" time="0.000"/>
  <system-out>
    <![CDATA[LOgin button ]]>
  </system-out>
  <testcase classname="testngflag.Flag5" name="loginButtonIsEnabledAndDisebled" time="0.001"/>
  <system-out>
    <![CDATA[LOgin button ]]>
  </system-out>
  <testcase classname="testngflag.Flag5" name="loginButtonIsEnabledAndDisebled" time="0.000"/>
  <system-out>
    <![CDATA[LOgin button ]]>
  </system-out>
  <testcase classname="testngflag.Flag5" name="loginButtonIsEnabledAndDisebled" time="0.000"/>
  <system-out>
    <![CDATA[LOgin button ]]>
  </system-out>
  <testcase classname="testngflag.Flag5" name="loginButtonIsEnabledAndDisebled" time="0.000"/>
  <system-out>
    <![CDATA[LOgin button ]]>
  </system-out>
  <testcase classname="testngflag.Flag5" name="loginButtonIsEnabledAndDisebled" time="0.000"/>
  <system-out>
    <![CDATA[LOgin button ]]>
  </system-out>
  <testcase classname="testngflag.Flag5" name="loginButtonIsEnabledAndDisebled" time="0.000"/>
  <system-out>
    <![CDATA[LOgin button ]]>
  </system-out>
  <testcase classname="testngflag.Flag5" name="loginButtonIsEnabledAndDisebled" time="0.000"/>
  <system-out>
    <![CDATA[LOgin button ]]>
  </system-out>
  <testcase classname="testngflag.Flag5" name="loginButtonIsEnabledAndDisebled" time="0.000"/>
  <system-out>
    <![CDATA[LOgin button ]]>
  </system-out>
  <testcase classname="testngflag.Flag5" name="loginButtonIsEnabledAndDisebled" time="0.000"/>
  <system-out>
    <![CDATA[LOgin button ]]>
  </system-out>
  <testcase classname="testngflag.Flag5" name="loginButtonIsEnabledAndDisebled" time="0.000"/>
  <system-out>
    <![CDATA[LOgin button ]]>
  </system-out>
  <testcase classname="testngflag.Flag5" name="loginButtonIsEnabledAndDisebled" time="0.001"/>
  <system-out>
    <![CDATA[LOgin button ]]>
  </system-out>
  <testcase classname="testngflag.Flag5" name="loginButtonIsEnabledAndDisebled" time="0.000"/>
  <system-out>
    <![CDATA[LOgin button ]]>
  </system-out>
  <testcase classname="testngflag.Flag5" name="loginButtonIsEnabledAndDisebled" time="0.000"/>
  <system-out>
    <![CDATA[LOgin button ]]>
  </system-out>
  <testcase classname="testngflag.Flag5" name="loginButtonIsEnabledAndDisebled" time="0.000"/>
  <system-out>
    <![CDATA[LOgin button ]]>
  </system-out>
  <testcase classname="testngflag.Flag5" name="loginButtonIsEnabledAndDisebled" time="0.000"/>
  <system-out>
    <![CDATA[LOgin button ]]>
  </system-out>
  <testcase classname="testngflag.Flag5" name="loginButtonIsEnabledAndDisebled" time="0.000"/>
  <system-out>
    <![CDATA[LOgin button ]]>
  </system-out>
  <testcase classname="testngflag.Flag5" name="loginButtonIsEnabledAndDisebled" time="0.000"/>
  <system-out>
    <![CDATA[LOgin button ]]>
  </system-out>
  <testcase classname="testngflag.Flag5" name="loginButtonIsEnabledAndDisebled" time="0.001"/>
  <system-out>
    <![CDATA[LOgin button ]]>
  </system-out>
  <testcase classname="testngflag.Flag5" name="loginButtonIsEnabledAndDisebled" time="0.001"/>
  <system-out>
    <![CDATA[LOgin button ]]>
  </system-out>
  <testcase classname="testngflag.Flag5" name="loginButtonIsEnabledAndDisebled" time="0.000"/>
  <system-out>
    <![CDATA[LOgin button ]]>
  </system-out>
  <testcase classname="testngflag.Flag5" name="loginButtonIsEnabledAndDisebled" time="0.000"/>
  <system-out>
    <![CDATA[LOgin button ]]>
  </system-out>
  <testcase classname="testngflag.Flag5" name="loginButtonIsEnabledAndDisebled" time="0.000"/>
  <system-out>
    <![CDATA[LOgin button ]]>
  </system-out>
  <testcase classname="testngflag.Flag5" name="loginButtonIsEnabledAndDisebled" time="0.000"/>
  <system-out>
    <![CDATA[LOgin button ]]>
  </system-out>
  <testcase classname="testngflag.Flag5" name="loginButtonIsEnabledAndDisebled" time="0.001"/>
  <system-out>
    <![CDATA[LOgin button ]]>
  </system-out>
  <testcase classname="testngflag.Flag5" name="loginButtonIsEnabledAndDisebled" time="0.000"/>
  <system-out>
    <![CDATA[LOgin button ]]>
  </system-out>
  <testcase classname="testngflag.Flag5" name="loginButtonIsEnabledAndDisebled" time="0.000"/>
  <system-out>
    <![CDATA[LOgin button ]]>
  </system-out>
  <testcase classname="testngflag.Flag5" name="loginButtonIsEnabledAndDisebled" time="0.000"/>
  <system-out>
    <![CDATA[LOgin button ]]>
  </system-out>
  <testcase classname="testngflag.Flag5" name="loginButtonIsEnabledAndDisebled" time="0.001"/>
  <system-out>
    <![CDATA[LOgin button ]]>
  </system-out>
  <testcase classname="testngflag.Flag5" name="loginButtonIsEnabledAndDisebled" time="0.001"/>
  <system-out>
    <![CDATA[LOgin button ]]>
  </system-out>
  <testcase classname="testngflag.Flag5" name="loginButtonIsEnabledAndDisebled" time="0.001"/>
  <system-out>
    <![CDATA[LOgin button ]]>
  </system-out>
  <testcase classname="testngflag.Flag5" name="loginButtonIsEnabledAndDisebled" time="0.000"/>
  <system-out>
    <![CDATA[LOgin button ]]>
  </system-out>
  <testcase classname="testngflag.Flag5" name="loginButtonIsEnabledAndDisebled" time="0.001"/>
  <system-out>
    <![CDATA[LOgin button ]]>
  </system-out>
  <testcase classname="testngflag.Flag5" name="loginButtonIsEnabledAndDisebled" time="0.001"/>
  <system-out>
    <![CDATA[LOgin button ]]>
  </system-out>
  <testcase classname="testngflag.Flag5" name="loginButtonIsEnabledAndDisebled" time="0.000"/>
  <system-out>
    <![CDATA[LOgin button ]]>
  </system-out>
  <testcase classname="testngflag.Flag5" name="loginButtonIsEnabledAndDisebled" time="0.000"/>
  <system-out>
    <![CDATA[LOgin button ]]>
  </system-out>
  <testcase classname="testngflag.Flag5" name="loginButtonIsEnabledAndDisebled" time="0.000"/>
  <system-out>
    <![CDATA[LOgin button ]]>
  </system-out>
  <testcase classname="testngflag.Flag5" name="loginButtonIsEnabledAndDisebled" time="0.000"/>
  <system-out>
    <![CDATA[LOgin button ]]>
  </system-out>
  <testcase classname="testngflag.Flag5" name="loginButtonIsEnabledAndDisebled" time="0.000"/>
  <system-out>
    <![CDATA[LOgin button ]]>
  </system-out>
  <testcase classname="testngflag.Flag5" name="loginButtonIsEnabledAndDisebled" time="0.000"/>
  <system-out>
    <![CDATA[LOgin button ]]>
  </system-out>
  <testcase classname="testngflag.Flag5" name="loginButtonIsEnabledAndDisebled" time="0.001"/>
  <system-out>
    <![CDATA[LOgin button ]]>
  </system-out>
  <testcase classname="testngflag.Flag5" name="loginButtonIsEnabledAndDisebled" time="0.001"/>
  <system-out>
    <![CDATA[LOgin button ]]>
  </system-out>
  <testcase classname="testngflag.Flag5" name="loginButtonIsEnabledAndDisebled" time="0.000"/>
  <system-out>
    <![CDATA[LOgin button ]]>
  </system-out>
  <testcase classname="testngflag.Flag5" name="loginButtonIsEnabledAndDisebled" time="0.000"/>
  <system-out>
    <![CDATA[LOgin button ]]>
  </system-out>
  <testcase classname="testngflag.Flag5" name="loginButtonIsEnabledAndDisebled" time="0.002"/>
  <system-out>
    <![CDATA[LOgin button ]]>
  </system-out>
  <testcase classname="testngflag.Flag5" name="loginButtonIsEnabledAndDisebled" time="0.000"/>
  <system-out>
    <![CDATA[LOgin button ]]>
  </system-out>
  <testcase classname="testngflag.Flag5" name="loginButtonIsEnabledAndDisebled" time="0.000"/>
  <system-out>
    <![CDATA[LOgin button ]]>
  </system-out>
  <testcase classname="testngflag.Flag5" name="loginButtonIsEnabledAndDisebled" time="0.000"/>
  <system-out>
    <![CDATA[LOgin button ]]>
  </system-out>
  <testcase classname="testngflag.Flag5" name="loginButtonIsEnabledAndDisebled" time="0.000"/>
  <system-out>
    <![CDATA[LOgin button ]]>
  </system-out>
  <testcase classname="testngflag.Flag5" name="loginButtonIsEnabledAndDisebled" time="0.000"/>
  <system-out>
    <![CDATA[LOgin button ]]>
  </system-out>
  <testcase classname="testngflag.Flag5" name="loginButtonIsEnabledAndDisebled" time="0.001"/>
  <system-out>
    <![CDATA[LOgin button ]]>
  </system-out>
  <testcase classname="testngflag.Flag5" name="loginButtonIsEnabledAndDisebled" time="0.000"/>
  <system-out>
    <![CDATA[LOgin button ]]>
  </system-out>
  <testcase classname="testngflag.Flag5" name="loginButtonIsEnabledAndDisebled" time="0.000"/>
  <system-out>
    <![CDATA[LOgin button ]]>
  </system-out>
  <testcase classname="testngflag.Flag5" name="loginButtonIsEnabledAndDisebled" time="0.000"/>
  <system-out>
    <![CDATA[LOgin button ]]>
  </system-out>
  <testcase classname="testngflag.Flag5" name="loginButtonIsEnabledAndDisebled" time="0.000"/>
  <system-out>
    <![CDATA[LOgin button ]]>
  </system-out>
  <testcase classname="testngflag.Flag5" name="loginButtonIsEnabledAndDisebled" time="0.002"/>
  <system-out>
    <![CDATA[LOgin button ]]>
  </system-out>
  <testcase classname="testngflag.Flag5" name="loginButtonIsEnabledAndDisebled" time="0.000"/>
  <system-out>
    <![CDATA[LOgin button ]]>
  </system-out>
  <testcase classname="testngflag.Flag5" name="loginButtonIsEnabledAndDisebled" time="0.000"/>
  <system-out>
    <![CDATA[LOgin button ]]>
  </system-out>
  <testcase classname="testngflag.Flag5" name="loginButtonIsEnabledAndDisebled" time="0.001"/>
  <system-out>
    <![CDATA[LOgin button ]]>
  </system-out>
  <testcase classname="testngflag.Flag5" name="loginButtonIsEnabledAndDisebled" time="0.000"/>
  <system-out>
    <![CDATA[LOgin button ]]>
  </system-out>
  <testcase classname="testngflag.Flag5" name="loginButtonIsEnabledAndDisebled" time="0.001"/>
  <system-out>
    <![CDATA[LOgin button ]]>
  </system-out>
  <testcase classname="testngflag.Flag5" name="loginButtonIsEnabledAndDisebled" time="0.000"/>
  <system-out>
    <![CDATA[LOgin button ]]>
  </system-out>
  <testcase classname="testngflag.Flag5" name="loginButtonIsEnabledAndDisebled" time="0.000"/>
  <system-out>
    <![CDATA[LOgin button ]]>
  </system-out>
  <testcase classname="testngflag.Flag5" name="loginButtonIsEnabledAndDisebled" time="0.001"/>
  <system-out>
    <![CDATA[LOgin button ]]>
  </system-out>
  <testcase classname="testngflag.Flag5" name="loginButtonIsEnabledAndDisebled" time="0.000"/>
  <system-out>
    <![CDATA[LOgin button ]]>
  </system-out>
  <testcase classname="testngflag.Flag5" name="loginButtonIsEnabledAndDisebled" time="0.000"/>
  <system-out>
    <![CDATA[LOgin button ]]>
  </system-out>
  <testcase classname="testngflag.Flag5" name="loginButtonIsEnabledAndDisebled" time="0.000"/>
  <system-out>
    <![CDATA[LOgin button ]]>
  </system-out>
  <testcase classname="testngflag.Flag5" name="loginButtonIsEnabledAndDisebled" time="0.000"/>
  <system-out>
    <![CDATA[LOgin button ]]>
  </system-out>
  <testcase classname="testngflag.Flag5" name="loginButtonIsEnabledAndDisebled" time="0.000"/>
  <system-out>
    <![CDATA[LOgin button ]]>
  </system-out>
  <testcase classname="testngflag.Flag5" name="loginButtonIsEnabledAndDisebled" time="0.000"/>
  <system-out>
    <![CDATA[LOgin button ]]>
  </system-out>
  <testcase classname="testngflag.Flag5" name="loginButtonIsEnabledAndDisebled" time="0.000"/>
  <system-out>
    <![CDATA[LOgin button ]]>
  </system-out>
  <testcase classname="testngflag.Flag5" name="loginButtonIsEnabledAndDisebled" time="0.001"/>
  <system-out>
    <![CDATA[LOgin button ]]>
  </system-out>
  <testcase classname="testngflag.Flag5" name="loginButtonIsEnabledAndDisebled" time="0.000"/>
  <system-out>
    <![CDATA[LOgin button ]]>
  </system-out>
  <testcase classname="testngflag.Flag5" name="loginButtonIsEnabledAndDisebled" time="0.000"/>
  <system-out>
    <![CDATA[LOgin button ]]>
  </system-out>
  <testcase classname="testngflag.Flag5" name="loginButtonIsEnabledAndDisebled" time="0.001"/>
  <system-out>
    <![CDATA[LOgin button ]]>
  </system-out>
  <testcase classname="testngflag.Flag5" name="loginButtonIsEnabledAndDisebled" time="0.000"/>
  <system-out>
    <![CDATA[LOgin button ]]>
  </system-out>
  <testcase classname="testngflag.Flag5" name="loginButtonIsEnabledAndDisebled" time="0.000"/>
  <system-out>
    <![CDATA[LOgin button ]]>
  </system-out>
  <testcase classname="testngflag.Flag5" name="loginButtonIsEnabledAndDisebled" time="0.000"/>
  <system-out>
    <![CDATA[LOgin button ]]>
  </system-out>
  <testcase classname="testngflag.Flag5" name="loginButtonIsEnabledAndDisebled" time="0.000"/>
  <system-out>
    <![CDATA[LOgin button ]]>
  </system-out>
  <testcase classname="testngflag.Flag5" name="loginButtonIsEnabledAndDisebled" time="0.000"/>
  <system-out>
    <![CDATA[LOgin button ]]>
  </system-out>
  <testcase classname="testngflag.Flag5" name="loginButtonIsEnabledAndDisebled" time="0.001"/>
  <system-out>
    <![CDATA[LOgin button ]]>
  </system-out>
  <testcase classname="testngflag.Flag5" name="loginButtonIsEnabledAndDisebled" time="0.000"/>
  <system-out>
    <![CDATA[LOgin button ]]>
  </system-out>
  <testcase classname="testngflag.Flag5" name="loginButtonIsEnabledAndDisebled" time="0.000"/>
  <system-out>
    <![CDATA[LOgin button ]]>
  </system-out>
  <testcase classname="testngflag.Flag5" name="loginButtonIsEnabledAndDisebled" time="0.000"/>
  <system-out>
    <![CDATA[LOgin button ]]>
  </system-out>
  <testcase classname="testngflag.Flag5" name="loginButtonIsEnabledAndDisebled" time="0.000"/>
  <system-out>
    <![CDATA[LOgin button ]]>
  </system-out>
  <testcase classname="testngflag.Flag5" name="loginButtonIsEnabledAndDisebled" time="0.001"/>
  <system-out>
    <![CDATA[LOgin button ]]>
  </system-out>
  <testcase classname="testngflag.Flag5" name="loginButtonIsEnabledAndDisebled" time="0.000"/>
  <system-out>
    <![CDATA[LOgin button ]]>
  </system-out>
</testsuite> <!-- testngflag.Flag5 -->
